{"duration":69,"level":"info","message":"db-query","rows":26,"text":"SELECT * FROM location_types","timestamp":"2025-11-29T07:35:49.172Z"}
{"level":"info","message":"GET /api/location-types 200 77.822 ms","timestamp":"2025-11-29T07:35:49.180Z"}
{"duration":87,"level":"info","message":"db-query","rows":26,"text":"SELECT * FROM location_types","timestamp":"2025-11-29T07:35:49.197Z"}
{"level":"info","message":"GET /api/location-types 200 89.970 ms","timestamp":"2025-11-29T07:35:49.199Z"}
{"duration":124,"level":"info","message":"db-query","rows":14,"text":"SELECT * FROM booking_statuses ORDER BY id ASC","timestamp":"2025-11-29T08:15:09.977Z"}
{"duration":4,"level":"info","message":"db-query","rows":2,"text":"SELECT * FROM booking_types ORDER BY id ASC","timestamp":"2025-11-29T08:15:09.982Z"}
{"duration":4,"level":"info","message":"db-query","rows":2,"text":"SELECT * FROM journey_types ORDER BY id ASC","timestamp":"2025-11-29T08:15:09.986Z"}
{"duration":4,"level":"info","message":"db-query","rows":3,"text":"SELECT * FROM payment_statuses ORDER BY id ASC","timestamp":"2025-11-29T08:15:09.991Z"}
{"duration":5,"level":"info","message":"db-query","rows":4,"text":"SELECT * FROM payment_types ORDER BY id ASC","timestamp":"2025-11-29T08:15:09.996Z"}
{"duration":8,"level":"info","message":"db-query","rows":3,"text":"SELECT * FROM vehicle_types ORDER BY id ASC","timestamp":"2025-11-29T08:15:10.005Z"}
{"duration":8,"level":"info","message":"db-query","rows":19,"text":"SELECT * FROM customers ORDER BY id ASC","timestamp":"2025-11-29T08:15:10.014Z"}
{"duration":6,"level":"info","message":"db-query","rows":1,"text":"SELECT * FROM subsidiaries ORDER BY id ASC","timestamp":"2025-11-29T08:15:10.020Z"}
{"level":"info","message":"GET /api/enumerations/get 200 171.862 ms","timestamp":"2025-11-29T08:15:10.022Z"}
{"duration":123,"level":"info","message":"db-query","rows":1,"text":"\n    SELECT COUNT(DISTINCT a.id) AS total\n    FROM accounts a\n    LEFT JOIN subsidiaries s ON a.subsidiary_id = s.id\n    ;\n  ","timestamp":"2025-11-29T08:16:29.508Z"}
{"duration":18,"level":"info","message":"db-query","rows":21,"text":"\n    SELECT\n      a.*,\n      json_agg(DISTINCT jsonb_build_object('id', d.id, 'name', d.name)) AS departments,\n      jsonb_build_object(\n        'id', s.id,\n        'name', s.name,\n        'telephone_number', s.telephone_number,\n        'email', s.email\n      ) AS subsidiary\n    FROM accounts a\n    LEFT JOIN departments d ON a.id = d.account_id\n    LEFT JOIN subsidiaries s ON a.subsidiary_id = s.id\n    \n    GROUP BY a.id, s.id\n    ORDER BY a.id ASC\n    OFFSET $1 LIMIT $2;\n  ","timestamp":"2025-11-29T08:16:29.527Z"}
{"level":"info","message":"GET /api/accounts/get 200 146.017 ms","timestamp":"2025-11-29T08:16:29.529Z"}
{"duration":59,"level":"info","message":"db-query","rows":0,"text":"\n    SELECT\n      a.*,\n      json_agg(DISTINCT jsonb_build_object('id', d.id, 'name', d.name)) AS departments,\n      jsonb_build_object(\n        'id', s.id,\n        'name', s.name,\n        'telephone_number', s.telephone_number,\n        'email', s.email\n      ) AS subsidiary\n    FROM accounts a\n    LEFT JOIN departments d ON a.id = d.account_id\n    LEFT JOIN subsidiaries s ON a.subsidiary_id = s.id\n    WHERE a.subsidiary_id = $1\n    GROUP BY a.id, s.id\n    ORDER BY a.id ASC;\n  ","timestamp":"2025-11-29T08:18:34.139Z"}
{"level":"info","message":"GET /api/accounts/subsidiary/1 200 60.871 ms","timestamp":"2025-11-29T08:18:34.141Z"}
{"duration":1,"level":"info","message":"db-query","rows":1,"text":"\n    SELECT COUNT(DISTINCT a.id) AS total\n    FROM accounts a\n    LEFT JOIN subsidiaries s ON a.subsidiary_id = s.id\n    ;\n  ","timestamp":"2025-11-29T08:18:42.143Z"}
{"duration":3,"level":"info","message":"db-query","rows":21,"text":"\n    SELECT\n      a.*,\n      json_agg(DISTINCT jsonb_build_object('id', d.id, 'name', d.name)) AS departments,\n      jsonb_build_object(\n        'id', s.id,\n        'name', s.name,\n        'telephone_number', s.telephone_number,\n        'email', s.email\n      ) AS subsidiary\n    FROM accounts a\n    LEFT JOIN departments d ON a.id = d.account_id\n    LEFT JOIN subsidiaries s ON a.subsidiary_id = s.id\n    \n    GROUP BY a.id, s.id\n    ORDER BY a.id ASC\n    OFFSET $1 LIMIT $2;\n  ","timestamp":"2025-11-29T08:18:42.147Z"}
{"level":"info","message":"GET /api/accounts/get 200 6.479 ms","timestamp":"2025-11-29T08:18:42.149Z"}
{"duration":1,"level":"info","message":"db-query","rows":1,"text":"SELECT COUNT(*) AS total FROM subsidiaries s ","timestamp":"2025-11-29T08:18:49.742Z"}
{"duration":1,"level":"info","message":"db-query","rows":1,"text":"\n    SELECT *\n    FROM subsidiaries s\n    \n    ORDER BY s.id ASC\n    LIMIT $1 OFFSET $2;\n  ","timestamp":"2025-11-29T08:18:49.744Z"}
{"level":"info","message":"GET /api/subsidiaries/get 200 4.473 ms","timestamp":"2025-11-29T08:18:49.745Z"}
{"duration":182,"level":"info","message":"db-query","rows":1,"text":"\n    SELECT COUNT(DISTINCT a.id) AS total\n    FROM accounts a\n    LEFT JOIN subsidiaries s ON a.subsidiary_id = s.id\n    ;\n  ","timestamp":"2025-11-29T08:20:33.987Z"}
{"duration":6,"level":"info","message":"db-query","rows":21,"text":"\n    SELECT\n      a.*,\n      json_agg(DISTINCT jsonb_build_object('id', d.id, 'name', d.name)) AS departments,\n      jsonb_build_object(\n        'id', s.id,\n        'name', s.name,\n        'telephone_number', s.telephone_number,\n        'email', s.email\n      ) AS subsidiary\n    FROM accounts a\n    LEFT JOIN departments d ON a.id = d.account_id\n    LEFT JOIN subsidiaries s ON a.subsidiary_id = s.id\n    \n    GROUP BY a.id, s.id\n    ORDER BY a.id ASC\n    OFFSET $1 LIMIT $2;\n  ","timestamp":"2025-11-29T08:20:33.993Z"}
{"level":"info","message":"GET /api/accounts/get 200 190.813 ms","timestamp":"2025-11-29T08:20:33.997Z"}
{"duration":163,"level":"info","message":"db-query","rows":5,"text":"\n    SELECT\n      a.*,\n      json_agg(DISTINCT jsonb_build_object('id', d.id, 'name', d.name)) AS departments,\n      jsonb_build_object(\n        'id', s.id,\n        'name', s.name,\n        'telephone_number', s.telephone_number,\n        'email', s.email\n      ) AS subsidiary\n    FROM accounts a\n    LEFT JOIN departments d ON a.id = d.account_id\n    LEFT JOIN subsidiaries s ON a.subsidiary_id = s.id\n    WHERE a.subsidiary_id = $1\n    GROUP BY a.id, s.id\n    ORDER BY a.id ASC;\n  ","timestamp":"2025-11-29T08:20:47.149Z"}
{"level":"info","message":"GET /api/accounts/subsidiary/10 200 164.168 ms","timestamp":"2025-11-29T08:20:47.151Z"}
{"duration":93,"level":"info","message":"db-query","rows":1,"text":"\n    SELECT COUNT(DISTINCT a.id) AS total\n    FROM accounts a\n    LEFT JOIN subsidiaries s ON a.subsidiary_id = s.id\n    ;\n  ","timestamp":"2025-11-29T08:22:22.105Z"}
{"duration":4,"level":"info","message":"db-query","rows":21,"text":"\n    SELECT\n      a.*,\n      json_agg(DISTINCT jsonb_build_object('id', d.id, 'name', d.name)) AS departments,\n      jsonb_build_object(\n        'id', s.id,\n        'name', s.name,\n        'telephone_number', s.telephone_number,\n        'email', s.email\n      ) AS subsidiary\n    FROM accounts a\n    LEFT JOIN departments d ON a.id = d.account_id\n    LEFT JOIN subsidiaries s ON a.subsidiary_id = s.id\n    \n    GROUP BY a.id, s.id\n    ORDER BY a.id ASC\n    OFFSET $1 LIMIT $2;\n  ","timestamp":"2025-11-29T08:22:22.109Z"}
{"level":"info","message":"GET /api/accounts/get 200 98.124 ms","timestamp":"2025-11-29T08:22:22.111Z"}
{"duration":59,"level":"info","message":"db-query","rows":6,"text":"\n    SELECT\n      a.*,\n      json_agg(DISTINCT jsonb_build_object('id', d.id, 'name', d.name)) AS departments,\n      jsonb_build_object(\n        'id', s.id,\n        'name', s.name,\n        'telephone_number', s.telephone_number,\n        'email', s.email\n      ) AS subsidiary\n    FROM accounts a\n    LEFT JOIN departments d ON a.id = d.account_id\n    LEFT JOIN subsidiaries s ON a.subsidiary_id = s.id\n    WHERE a.subsidiary_id = $1\n    GROUP BY a.id, s.id\n    ORDER BY a.id ASC;\n  ","timestamp":"2025-11-29T08:22:33.194Z"}
{"level":"info","message":"GET /api/accounts/subsidiary/10 200 60.478 ms","timestamp":"2025-11-29T08:22:33.196Z"}
{"duration":71,"level":"info","message":"db-query","rows":1,"text":"\n    SELECT COUNT(*) AS total\n    FROM zones z\n    ;\n  ","timestamp":"2025-11-29T08:23:56.829Z"}
{"duration":2,"level":"info","message":"db-query","rows":8,"text":"\n    SELECT \n      z.id,\n      z.name,\n      z.secondary_name,\n      z.type,\n      z.category,\n      z.vertices,\n      z.base,\n      z.overlay,\n      z.created_at,\n      z.updated_at\n    FROM zones z\n    \n    ORDER BY z.id ASC\n    LIMIT $1 OFFSET $2;\n  ","timestamp":"2025-11-29T08:23:56.833Z"}
{"level":"info","message":"GET /api/zones/get 200 76.900 ms","timestamp":"2025-11-29T08:23:56.835Z"}
{"duration":83,"level":"info","message":"db-query","rows":26,"text":"SELECT * FROM location_types","timestamp":"2025-11-29T08:23:56.839Z"}
{"level":"info","message":"GET /api/location-types 200 86.279 ms","timestamp":"2025-11-29T08:23:56.842Z"}
{"level":"info","message":"GET /api/locationtype/zone 200 105.215 ms","timestamp":"2025-11-29T08:23:56.845Z"}
{"duration":118,"level":"info","message":"db-query","rows":1,"text":"\n    SELECT COUNT(*) AS total\n    FROM zones z\n    ;\n  ","timestamp":"2025-11-29T08:23:56.855Z"}
{"duration":2,"level":"info","message":"db-query","rows":8,"text":"\n    SELECT \n      z.id,\n      z.name,\n      z.secondary_name,\n      z.type,\n      z.category,\n      z.vertices,\n      z.base,\n      z.overlay,\n      z.created_at,\n      z.updated_at\n    FROM zones z\n    \n    ORDER BY z.id ASC\n    LIMIT $1 OFFSET $2;\n  ","timestamp":"2025-11-29T08:23:56.857Z"}
{"level":"info","message":"GET /api/zones/get 200 122.341 ms","timestamp":"2025-11-29T08:23:56.858Z"}
{"duration":126,"level":"info","message":"db-query","rows":14,"text":"SELECT * FROM booking_statuses ORDER BY id ASC","timestamp":"2025-11-29T08:23:56.859Z"}
{"duration":2,"level":"info","message":"db-query","rows":2,"text":"SELECT * FROM booking_types ORDER BY id ASC","timestamp":"2025-11-29T08:23:56.863Z"}
{"duration":1,"level":"info","message":"db-query","rows":2,"text":"SELECT * FROM journey_types ORDER BY id ASC","timestamp":"2025-11-29T08:23:56.865Z"}
{"duration":140,"level":"info","message":"db-query","rows":1,"text":"\n    SELECT COUNT(*) AS total\n    FROM drivers d\n    LEFT JOIN subsidiaries s ON s.id = d.subsidiary_id\n    LEFT JOIN vehicles v ON v.id = d.vehicle_id\n    LEFT JOIN vehicle_types vt_v ON vt_v.id = v.vehicle_type_id\n    LEFT JOIN company_vehicles cv ON cv.id = d.company_vehicle_id\n    LEFT JOIN vehicle_types vt_cv ON vt_cv.id = cv.vehicle_type_id\n    WHERE d.active = $1;\n  ","timestamp":"2025-11-29T08:23:56.868Z"}
{"duration":3,"level":"info","message":"db-query","rows":3,"text":"SELECT * FROM payment_statuses ORDER BY id ASC","timestamp":"2025-11-29T08:23:56.869Z"}
{"duration":44,"level":"info","message":"db-query","rows":3,"text":"\n    SELECT \n      d.*,\n      s.name AS subsidiary_name,\n      CASE \n        WHEN d.use_company_vehicle = true THEN\n          json_build_object(\n            'vehicle_number', cv.vehicle_number,\n            'make', cv.make,\n            'model', cv.model,\n            'color', cv.color,\n            'end_date', cv.end_date,\n            'vehicle_type', json_build_object(\n              'id', vt_cv.id,\n              'name', vt_cv.name,\n              'passengers', vt_cv.passengers,\n              'luggages', vt_cv.luggages,\n              'driver_waiting_charges', vt_cv.driver_waiting_charges\n            )\n          )\n        ELSE\n          json_build_object(\n            'vehicle_number', v.vehicle_number,\n            'make', v.make,\n            'model', v.model,\n            'color', v.color,\n            'end_date', v.end_date,\n            'vehicle_type', json_build_object(\n              'id', vt_v.id,\n              'name', vt_v.name,\n              'passengers', vt_v.passengers,\n              'luggages', vt_v.luggages,\n              'driver_waiting_charges', vt_v.driver_waiting_charges\n            )\n          )\n      END AS vehicle\n    FROM drivers d\n    LEFT JOIN subsidiaries s ON s.id = d.subsidiary_id\n    LEFT JOIN vehicles v ON v.id = d.vehicle_id\n    LEFT JOIN vehicle_types vt_v ON vt_v.id = v.vehicle_type_id\n    LEFT JOIN company_vehicles cv ON cv.id = d.company_vehicle_id\n    LEFT JOIN vehicle_types vt_cv ON vt_cv.id = cv.vehicle_type_id\n    WHERE d.active = $1\n    ORDER BY d.id DESC\n    LIMIT $2 OFFSET $3;\n  ","timestamp":"2025-11-29T08:23:56.912Z"}
{"level":"info","message":"GET /api/drivers/get 200 196.170 ms","timestamp":"2025-11-29T08:23:56.922Z"}
{"duration":13,"level":"info","message":"db-query","rows":4,"text":"SELECT * FROM payment_types ORDER BY id ASC","timestamp":"2025-11-29T08:23:56.923Z"}
{"duration":3,"level":"info","message":"db-query","rows":3,"text":"SELECT * FROM vehicle_types ORDER BY id ASC","timestamp":"2025-11-29T08:23:56.926Z"}
{"duration":2,"level":"info","message":"db-query","rows":19,"text":"SELECT * FROM customers ORDER BY id ASC","timestamp":"2025-11-29T08:23:56.939Z"}
{"duration":4,"level":"info","message":"db-query","rows":1,"text":"SELECT * FROM subsidiaries ORDER BY id ASC","timestamp":"2025-11-29T08:23:56.945Z"}
{"level":"info","message":"GET /api/enumerations/get 200 213.994 ms","timestamp":"2025-11-29T08:23:56.946Z"}
{"duration":88,"level":"info","message":"db-query","rows":1,"text":"\n    SELECT COUNT(*) AS total\n    FROM zones z\n    ;\n  ","timestamp":"2025-11-29T08:24:16.804Z"}
{"duration":2,"level":"info","message":"db-query","rows":8,"text":"\n    SELECT \n      z.id,\n      z.name,\n      z.secondary_name,\n      z.type,\n      z.category,\n      z.vertices,\n      z.base,\n      z.overlay,\n      z.created_at,\n      z.updated_at\n    FROM zones z\n    \n    ORDER BY z.id ASC\n    LIMIT $1 OFFSET $2;\n  ","timestamp":"2025-11-29T08:24:16.806Z"}
{"level":"info","message":"GET /api/zones/get 304 91.254 ms","timestamp":"2025-11-29T08:24:16.807Z"}
{"duration":91,"level":"info","message":"db-query","rows":1,"text":"\n    SELECT COUNT(*) AS total\n    FROM zones z\n    ;\n  ","timestamp":"2025-11-29T08:24:42.222Z"}
{"duration":96,"level":"info","message":"db-query","rows":1,"text":"\n    SELECT COUNT(*) AS total\n    FROM drivers d\n    LEFT JOIN subsidiaries s ON s.id = d.subsidiary_id\n    LEFT JOIN vehicles v ON v.id = d.vehicle_id\n    LEFT JOIN vehicle_types vt_v ON vt_v.id = v.vehicle_type_id\n    LEFT JOIN company_vehicles cv ON cv.id = d.company_vehicle_id\n    LEFT JOIN vehicle_types vt_cv ON vt_cv.id = cv.vehicle_type_id\n    WHERE d.active = $1;\n  ","timestamp":"2025-11-29T08:24:42.224Z"}
{"duration":2,"level":"info","message":"db-query","rows":8,"text":"\n    SELECT \n      z.id,\n      z.name,\n      z.secondary_name,\n      z.type,\n      z.category,\n      z.vertices,\n      z.base,\n      z.overlay,\n      z.created_at,\n      z.updated_at\n    FROM zones z\n    \n    ORDER BY z.id ASC\n    LIMIT $1 OFFSET $2;\n  ","timestamp":"2025-11-29T08:24:42.225Z"}
{"level":"info","message":"GET /api/zones/get 304 94.900 ms","timestamp":"2025-11-29T08:24:42.226Z"}
{"duration":4,"level":"info","message":"db-query","rows":3,"text":"\n    SELECT \n      d.*,\n      s.name AS subsidiary_name,\n      CASE \n        WHEN d.use_company_vehicle = true THEN\n          json_build_object(\n            'vehicle_number', cv.vehicle_number,\n            'make', cv.make,\n            'model', cv.model,\n            'color', cv.color,\n            'end_date', cv.end_date,\n            'vehicle_type', json_build_object(\n              'id', vt_cv.id,\n              'name', vt_cv.name,\n              'passengers', vt_cv.passengers,\n              'luggages', vt_cv.luggages,\n              'driver_waiting_charges', vt_cv.driver_waiting_charges\n            )\n          )\n        ELSE\n          json_build_object(\n            'vehicle_number', v.vehicle_number,\n            'make', v.make,\n            'model', v.model,\n            'color', v.color,\n            'end_date', v.end_date,\n            'vehicle_type', json_build_object(\n              'id', vt_v.id,\n              'name', vt_v.name,\n              'passengers', vt_v.passengers,\n              'luggages', vt_v.luggages,\n              'driver_waiting_charges', vt_v.driver_waiting_charges\n            )\n          )\n      END AS vehicle\n    FROM drivers d\n    LEFT JOIN subsidiaries s ON s.id = d.subsidiary_id\n    LEFT JOIN vehicles v ON v.id = d.vehicle_id\n    LEFT JOIN vehicle_types vt_v ON vt_v.id = v.vehicle_type_id\n    LEFT JOIN company_vehicles cv ON cv.id = d.company_vehicle_id\n    LEFT JOIN vehicle_types vt_cv ON vt_cv.id = cv.vehicle_type_id\n    WHERE d.active = $1\n    ORDER BY d.id DESC\n    LIMIT $2 OFFSET $3;\n  ","timestamp":"2025-11-29T08:24:42.228Z"}
{"level":"info","message":"GET /api/drivers/get 304 102.072 ms","timestamp":"2025-11-29T08:24:42.230Z"}
{"duration":5,"level":"info","message":"db-query","rows":1,"text":"\n    SELECT COUNT(*) AS total\n    FROM zones z\n    ;\n  ","timestamp":"2025-11-29T08:24:44.267Z"}
{"duration":3,"level":"info","message":"db-query","rows":8,"text":"\n    SELECT \n      z.id,\n      z.name,\n      z.secondary_name,\n      z.type,\n      z.category,\n      z.vertices,\n      z.base,\n      z.overlay,\n      z.created_at,\n      z.updated_at\n    FROM zones z\n    \n    ORDER BY z.id ASC\n    LIMIT $1 OFFSET $2;\n  ","timestamp":"2025-11-29T08:24:44.271Z"}
{"level":"info","message":"GET /api/zones/get 304 12.689 ms","timestamp":"2025-11-29T08:24:44.275Z"}
{"duration":94,"level":"info","message":"db-query","rows":26,"text":"SELECT * FROM location_types","timestamp":"2025-11-29T08:35:48.511Z"}
{"level":"info","message":"GET /api/location-types 200 95.229 ms","timestamp":"2025-11-29T08:35:48.512Z"}
{"duration":5,"level":"info","message":"db-query","rows":26,"text":"SELECT * FROM location_types","timestamp":"2025-11-29T08:59:21.469Z"}
{"level":"info","message":"GET /api/location-types 200 10.912 ms","timestamp":"2025-11-29T08:59:21.475Z"}
{"duration":68,"level":"info","message":"db-query","rows":26,"text":"SELECT * FROM location_types","timestamp":"2025-11-29T08:59:21.534Z"}
{"level":"info","message":"GET /api/location-types 200 69.387 ms","timestamp":"2025-11-29T08:59:21.536Z"}
{"duration":92,"level":"info","message":"db-query","rows":26,"text":"SELECT * FROM location_types","timestamp":"2025-11-29T09:59:20.924Z"}
{"level":"info","message":"GET /api/location-types 200 93.680 ms","timestamp":"2025-11-29T09:59:20.926Z"}
{"duration":159,"level":"info","message":"db-query","rows":1,"text":"\n    SELECT COUNT(*) AS total\n    FROM zones z\n    ;\n  ","timestamp":"2025-11-29T12:41:38.780Z"}
{"duration":182,"level":"info","message":"db-query","rows":1,"text":"\n    SELECT COUNT(*) AS total\n    FROM drivers d\n    LEFT JOIN subsidiaries s ON s.id = d.subsidiary_id\n    LEFT JOIN vehicles v ON v.id = d.vehicle_id\n    LEFT JOIN vehicle_types vt_v ON vt_v.id = v.vehicle_type_id\n    LEFT JOIN company_vehicles cv ON cv.id = d.company_vehicle_id\n    LEFT JOIN vehicle_types vt_cv ON vt_cv.id = cv.vehicle_type_id\n    WHERE d.active = $1;\n  ","timestamp":"2025-11-29T12:41:38.797Z"}
{"duration":20,"level":"info","message":"db-query","rows":8,"text":"\n    SELECT \n      z.id,\n      z.name,\n      z.secondary_name,\n      z.type,\n      z.category,\n      z.vertices,\n      z.base,\n      z.overlay,\n      z.created_at,\n      z.updated_at\n    FROM zones z\n    \n    ORDER BY z.id ASC\n    LIMIT $1 OFFSET $2;\n  ","timestamp":"2025-11-29T12:41:38.803Z"}
{"level":"info","message":"GET /api/zones/get 200 185.696 ms","timestamp":"2025-11-29T12:41:38.807Z"}
{"duration":15,"level":"info","message":"db-query","rows":3,"text":"\n    SELECT \n      d.*,\n      s.name AS subsidiary_name,\n      CASE \n        WHEN d.use_company_vehicle = true THEN\n          json_build_object(\n            'vehicle_number', cv.vehicle_number,\n            'make', cv.make,\n            'model', cv.model,\n            'color', cv.color,\n            'end_date', cv.end_date,\n            'vehicle_type', json_build_object(\n              'id', vt_cv.id,\n              'name', vt_cv.name,\n              'passengers', vt_cv.passengers,\n              'luggages', vt_cv.luggages,\n              'driver_waiting_charges', vt_cv.driver_waiting_charges\n            )\n          )\n        ELSE\n          json_build_object(\n            'vehicle_number', v.vehicle_number,\n            'make', v.make,\n            'model', v.model,\n            'color', v.color,\n            'end_date', v.end_date,\n            'vehicle_type', json_build_object(\n              'id', vt_v.id,\n              'name', vt_v.name,\n              'passengers', vt_v.passengers,\n              'luggages', vt_v.luggages,\n              'driver_waiting_charges', vt_v.driver_waiting_charges\n            )\n          )\n      END AS vehicle\n    FROM drivers d\n    LEFT JOIN subsidiaries s ON s.id = d.subsidiary_id\n    LEFT JOIN vehicles v ON v.id = d.vehicle_id\n    LEFT JOIN vehicle_types vt_v ON vt_v.id = v.vehicle_type_id\n    LEFT JOIN company_vehicles cv ON cv.id = d.company_vehicle_id\n    LEFT JOIN vehicle_types vt_cv ON vt_cv.id = cv.vehicle_type_id\n    WHERE d.active = $1\n    ORDER BY d.id DESC\n    LIMIT $2 OFFSET $3;\n  ","timestamp":"2025-11-29T12:41:38.813Z"}
{"level":"info","message":"GET /api/drivers/get 200 203.943 ms","timestamp":"2025-11-29T12:41:38.817Z"}
{"level":"info","message":"GET /api/locationtype/zone 500 21050.416 ms","timestamp":"2025-11-29T12:41:59.674Z"}
