{"duration":62,"level":"info","message":"db-query","rows":26,"text":"SELECT * FROM location_types","timestamp":"2025-12-06T07:03:55.729Z"}
{"level":"info","message":"GET /api/location-types 200 67.649 ms","timestamp":"2025-12-06T07:03:55.736Z"}
{"duration":111,"level":"info","message":"db-query","rows":26,"text":"SELECT * FROM location_types","timestamp":"2025-12-06T07:03:55.782Z"}
{"level":"info","message":"GET /api/location-types 200 145.618 ms","timestamp":"2025-12-06T07:03:55.816Z"}
{"duration":64,"level":"info","message":"db-query","rows":26,"text":"SELECT * FROM location_types","timestamp":"2025-12-06T08:03:55.043Z"}
{"level":"info","message":"GET /api/location-types 200 66.435 ms","timestamp":"2025-12-06T08:03:55.045Z"}
{"duration":104,"level":"info","message":"db-query","rows":26,"text":"SELECT * FROM location_types","timestamp":"2025-12-06T08:40:02.382Z"}
{"level":"info","message":"GET /api/location-types 200 106.045 ms","timestamp":"2025-12-06T08:40:02.384Z"}
{"duration":109,"level":"info","message":"db-query","rows":26,"text":"SELECT * FROM location_types","timestamp":"2025-12-06T08:40:02.388Z"}
{"level":"info","message":"GET /api/location-types 200 109.951 ms","timestamp":"2025-12-06T08:40:02.390Z"}
{"duration":69,"level":"info","message":"db-query","rows":26,"text":"SELECT * FROM location_types","timestamp":"2025-12-06T08:42:15.061Z"}
{"level":"info","message":"GET /api/location-types 200 69.975 ms","timestamp":"2025-12-06T08:42:15.062Z"}
{"duration":68,"level":"info","message":"db-query","rows":26,"text":"SELECT * FROM location_types","timestamp":"2025-12-06T08:42:15.063Z"}
{"level":"info","message":"GET /api/location-types 200 69.176 ms","timestamp":"2025-12-06T08:42:15.064Z"}
{"duration":2,"level":"info","message":"db-query","rows":26,"text":"SELECT * FROM location_types","timestamp":"2025-12-06T08:42:17.153Z"}
{"level":"info","message":"GET /api/location-types 200 3.192 ms","timestamp":"2025-12-06T08:42:17.154Z"}
{"duration":3,"level":"info","message":"db-query","rows":26,"text":"SELECT * FROM location_types","timestamp":"2025-12-06T08:42:17.155Z"}
{"level":"info","message":"GET /api/location-types 200 5.145 ms","timestamp":"2025-12-06T08:42:17.158Z"}
{"duration":1,"level":"info","message":"db-query","rows":26,"text":"SELECT * FROM location_types","timestamp":"2025-12-06T08:42:20.101Z"}
{"level":"info","message":"GET /api/location-types 200 2.155 ms","timestamp":"2025-12-06T08:42:20.102Z"}
{"duration":2,"level":"info","message":"db-query","rows":26,"text":"SELECT * FROM location_types","timestamp":"2025-12-06T08:42:20.103Z"}
{"level":"info","message":"GET /api/location-types 200 3.298 ms","timestamp":"2025-12-06T08:42:20.104Z"}
{"duration":69,"level":"info","message":"db-query","rows":26,"text":"SELECT * FROM location_types","timestamp":"2025-12-06T08:43:51.387Z"}
{"level":"info","message":"GET /api/location-types 200 81.093 ms","timestamp":"2025-12-06T08:43:51.400Z"}
{"duration":100,"level":"info","message":"db-query","rows":26,"text":"SELECT * FROM location_types","timestamp":"2025-12-06T08:43:51.419Z"}
{"level":"info","message":"GET /api/location-types 200 102.088 ms","timestamp":"2025-12-06T08:43:51.422Z"}
{"duration":0,"level":"info","message":"db-query","rows":26,"text":"SELECT * FROM location_types","timestamp":"2025-12-06T08:43:54.681Z"}
{"level":"info","message":"GET /api/location-types 200 3.284 ms","timestamp":"2025-12-06T08:43:54.684Z"}
{"duration":1,"level":"info","message":"db-query","rows":26,"text":"SELECT * FROM location_types","timestamp":"2025-12-06T08:43:54.699Z"}
{"level":"info","message":"GET /api/location-types 200 4.235 ms","timestamp":"2025-12-06T08:43:54.703Z"}
{"duration":100,"level":"info","message":"db-query","rows":0,"text":"SELECT * FROM company_vehicles WHERE vehicle_number = $1 LIMIT 1","timestamp":"2025-12-06T08:50:16.367Z"}
{"duration":16,"level":"info","message":"db-query","rows":1,"text":"\n      INSERT INTO company_vehicles (\n        vehicle_number, make, model, color, owner, company, assigned,\n        vehicle_type_id, log_book_number, phc_vehicle_number, mot_number,\n        mot2_number, insurance_number, phc_vehicle_expiry, mot_expiry,\n        mot2_expiry, insurance_expiry, log_book_document, phc_vehicle_document,\n        mot_document, mot2_document, insurance_document, start_date, end_date, phc_vehicle_expiry_time, mot_expiry_time, mot2_expiry_time, insurance_expiry_time\n      )\n      VALUES (\n        $1,$2,$3,$4,$5,$6,$7,\n        $8,$9,$10,$11,\n        $12,$13,$14,$15,\n        $16,$17,$18,$19,\n        $20,$21,$22,$23,$24,$25,$26,$27,$28\n      )\n      RETURNING *;\n    ","timestamp":"2025-12-06T08:50:16.386Z"}
{"level":"info","message":"POST /api/company-vehicles/add 200 161.751 ms","timestamp":"2025-12-06T08:50:16.400Z"}
{"duration":70,"level":"info","message":"db-query","rows":26,"text":"SELECT * FROM location_types","timestamp":"2025-12-06T08:52:39.495Z"}
{"level":"info","message":"GET /api/location-types 200 70.983 ms","timestamp":"2025-12-06T08:52:39.496Z"}
{"duration":78,"level":"info","message":"db-query","rows":26,"text":"SELECT * FROM location_types","timestamp":"2025-12-06T08:52:39.505Z"}
{"level":"info","message":"GET /api/location-types 200 78.585 ms","timestamp":"2025-12-06T08:52:39.506Z"}
{"duration":184,"level":"info","message":"db-query","rows":26,"text":"SELECT * FROM location_types","timestamp":"2025-12-06T09:03:55.160Z"}
{"level":"info","message":"GET /api/location-types 200 185.282 ms","timestamp":"2025-12-06T09:03:55.161Z"}
{"duration":185,"level":"info","message":"db-query","rows":26,"text":"SELECT * FROM location_types","timestamp":"2025-12-06T09:52:39.501Z"}
{"level":"info","message":"GET /api/location-types 200 186.219 ms","timestamp":"2025-12-06T09:52:39.502Z"}
{"duration":79,"level":"info","message":"db-query","rows":26,"text":"SELECT * FROM location_types","timestamp":"2025-12-06T10:03:55.063Z"}
{"level":"info","message":"GET /api/location-types 200 80.692 ms","timestamp":"2025-12-06T10:03:55.064Z"}
{"duration":80,"level":"info","message":"db-query","rows":14,"text":"SELECT * FROM booking_statuses ORDER BY id ASC","timestamp":"2025-12-06T10:08:15.240Z"}
{"duration":5,"level":"info","message":"db-query","rows":2,"text":"SELECT * FROM booking_types ORDER BY id ASC","timestamp":"2025-12-06T10:08:15.245Z"}
{"duration":4,"level":"info","message":"db-query","rows":2,"text":"SELECT * FROM journey_types ORDER BY id ASC","timestamp":"2025-12-06T10:08:15.249Z"}
{"duration":3,"level":"info","message":"db-query","rows":3,"text":"SELECT * FROM payment_statuses ORDER BY id ASC","timestamp":"2025-12-06T10:08:15.253Z"}
{"duration":3,"level":"info","message":"db-query","rows":4,"text":"SELECT * FROM payment_types ORDER BY id ASC","timestamp":"2025-12-06T10:08:15.256Z"}
{"duration":5,"level":"info","message":"db-query","rows":3,"text":"SELECT * FROM vehicle_types ORDER BY id ASC","timestamp":"2025-12-06T10:08:15.262Z"}
{"duration":4,"level":"info","message":"db-query","rows":8,"text":"SELECT id, background_color, foreground_color, name FROM subsidiaries ORDER BY id ASC","timestamp":"2025-12-06T10:08:15.271Z"}
{"duration":4,"level":"info","message":"db-query","rows":1,"text":"SELECT id, username, name, email FROM drivers WHERE session_status = $1 AND active = $2 ORDER BY id ASC","timestamp":"2025-12-06T10:08:15.275Z"}
{"level":"info","message":"GET /api/enumerations/get 200 120.958 ms","timestamp":"2025-12-06T10:08:15.279Z"}
{"duration":97,"level":"info","message":"db-query","rows":26,"text":"SELECT * FROM location_types","timestamp":"2025-12-06T10:13:40.677Z"}
{"level":"info","message":"GET /api/location-types 200 115.577 ms","timestamp":"2025-12-06T10:13:40.696Z"}
{"duration":147,"level":"info","message":"db-query","rows":26,"text":"SELECT * FROM location_types","timestamp":"2025-12-06T10:13:40.728Z"}
{"level":"info","message":"GET /api/location-types 200 172.761 ms","timestamp":"2025-12-06T10:13:40.754Z"}
{"duration":67,"level":"info","message":"db-query","rows":26,"text":"SELECT * FROM location_types","timestamp":"2025-12-06T11:03:55.050Z"}
{"level":"info","message":"GET /api/location-types 200 69.409 ms","timestamp":"2025-12-06T11:03:55.052Z"}
