{"duration":85,"level":"info","message":"db-query","rows":1,"text":"\n    SELECT \n      s.*,\n      jsonb_build_object(\n        'id', b.id,\n        'subsidiary_id', b.subsidiary_id,\n        'bank', b.bank,\n        'account_title', b.account_title,\n        'account_number', b.account_number,\n        'iban', b.iban,\n        'sort_code', b.sort_code,\n        'vat_number', b.vat_number,\n        'created_at', b.created_at,\n        'updated_at', b.updated_at\n      ) AS subsidiary_bank_details\n    FROM subsidiaries s\n    LEFT JOIN subsidiary_bank_details b \n    ON s.id = b.subsidiary_id\n    ORDER BY s.id\n    LIMIT $1 OFFSET $2;\n  ","timestamp":"2025-11-07T19:03:41.883Z"}
{"level":"info","message":"GET /api/subsidiaries/with-bank-details 200 94.695 ms","timestamp":"2025-11-07T19:03:41.892Z"}
{"duration":6,"level":"info","message":"db-query","rows":1,"text":"\n    SELECT COUNT(DISTINCT a.id) AS total\n    FROM accounts a\n    LEFT JOIN subsidiaries s ON a.subsidiary_id = s.id\n    ;\n  ","timestamp":"2025-11-07T19:03:44.530Z"}
{"duration":9,"level":"info","message":"db-query","rows":5,"text":"\n    SELECT\n      a.*,\n      json_agg(DISTINCT jsonb_build_object('id', d.id, 'name', d.name)) AS departments,\n      jsonb_build_object(\n        'id', s.id,\n        'name', s.name,\n        'telephone_number', s.telephone_number,\n        'email', s.email\n      ) AS subsidiary\n    FROM accounts a\n    LEFT JOIN departments d ON a.id = d.account_id\n    LEFT JOIN subsidiaries s ON a.subsidiary_id = s.id\n    \n    GROUP BY a.id, s.id\n    ORDER BY a.id ASC\n    OFFSET $1 LIMIT $2;\n  ","timestamp":"2025-11-07T19:03:44.540Z"}
{"level":"info","message":"GET /api/accounts/get?page=1&limit=5 200 17.723 ms","timestamp":"2025-11-07T19:03:44.543Z"}
{"duration":2,"level":"info","message":"db-query","rows":1,"text":"\n    SELECT \n      s.*,\n      jsonb_build_object(\n        'id', b.id,\n        'subsidiary_id', b.subsidiary_id,\n        'bank', b.bank,\n        'account_title', b.account_title,\n        'account_number', b.account_number,\n        'iban', b.iban,\n        'sort_code', b.sort_code,\n        'vat_number', b.vat_number,\n        'created_at', b.created_at,\n        'updated_at', b.updated_at\n      ) AS subsidiary_bank_details\n    FROM subsidiaries s\n    LEFT JOIN subsidiary_bank_details b \n    ON s.id = b.subsidiary_id\n    ORDER BY s.id\n    LIMIT $1 OFFSET $2;\n  ","timestamp":"2025-11-07T19:03:46.646Z"}
{"level":"info","message":"GET /api/subsidiaries/with-bank-details 304 5.066 ms","timestamp":"2025-11-07T19:03:46.649Z"}
{"duration":87,"level":"info","message":"db-query","rows":1,"text":"\n    SELECT COUNT(*) AS total\n    FROM vehicle_types vt\n    ;\n  ","timestamp":"2025-11-07T19:03:57.736Z"}
{"duration":1,"level":"info","message":"db-query","rows":1,"text":"\n    SELECT vt.*\n    FROM vehicle_types vt\n    \n    ORDER BY vt.id ASC\n    OFFSET $1 LIMIT $2;\n  ","timestamp":"2025-11-07T19:03:57.738Z"}
{"level":"info","message":"GET /api/vehicle-type/get 200 90.729 ms","timestamp":"2025-11-07T19:03:57.739Z"}
{"duration":95,"level":"info","message":"db-query","rows":26,"text":"SELECT * FROM location_types","timestamp":"2025-11-07T19:03:57.745Z"}
{"level":"info","message":"GET /api/location-types 200 95.763 ms","timestamp":"2025-11-07T19:03:57.746Z"}
{"level":"info","message":"GET /api/combined/vehicle-location-types 304 106.784 ms","timestamp":"2025-11-07T19:03:57.748Z"}
{"duration":10,"level":"info","message":"db-query","rows":1,"text":"\n    SELECT COUNT(DISTINCT a.id) AS total\n    FROM accounts a\n    LEFT JOIN subsidiaries s ON a.subsidiary_id = s.id\n    ;\n  ","timestamp":"2025-11-07T19:04:04.041Z"}
{"duration":9,"level":"info","message":"db-query","rows":5,"text":"\n    SELECT\n      a.*,\n      json_agg(DISTINCT jsonb_build_object('id', d.id, 'name', d.name)) AS departments,\n      jsonb_build_object(\n        'id', s.id,\n        'name', s.name,\n        'telephone_number', s.telephone_number,\n        'email', s.email\n      ) AS subsidiary\n    FROM accounts a\n    LEFT JOIN departments d ON a.id = d.account_id\n    LEFT JOIN subsidiaries s ON a.subsidiary_id = s.id\n    \n    GROUP BY a.id, s.id\n    ORDER BY a.id ASC\n    OFFSET $1 LIMIT $2;\n  ","timestamp":"2025-11-07T19:04:04.050Z"}
{"level":"info","message":"GET /api/accounts/get?page=1&limit=5 304 20.500 ms","timestamp":"2025-11-07T19:04:04.052Z"}
{"duration":6,"level":"info","message":"db-query","rows":1,"text":"\n    SELECT \n      s.*,\n      jsonb_build_object(\n        'id', b.id,\n        'subsidiary_id', b.subsidiary_id,\n        'bank', b.bank,\n        'account_title', b.account_title,\n        'account_number', b.account_number,\n        'iban', b.iban,\n        'sort_code', b.sort_code,\n        'vat_number', b.vat_number,\n        'created_at', b.created_at,\n        'updated_at', b.updated_at\n      ) AS subsidiary_bank_details\n    FROM subsidiaries s\n    LEFT JOIN subsidiary_bank_details b \n    ON s.id = b.subsidiary_id\n    ORDER BY s.id\n    LIMIT $1 OFFSET $2;\n  ","timestamp":"2025-11-07T19:04:07.390Z"}
{"level":"info","message":"GET /api/subsidiaries/with-bank-details 304 8.102 ms","timestamp":"2025-11-07T19:04:07.392Z"}
{"duration":52,"level":"info","message":"db-query","rows":26,"text":"SELECT * FROM location_types","timestamp":"2025-11-08T07:05:43.951Z"}
{"level":"info","message":"GET /api/location-types 200 62.029 ms","timestamp":"2025-11-08T07:05:43.960Z"}
{"duration":86,"level":"info","message":"db-query","rows":26,"text":"SELECT * FROM location_types","timestamp":"2025-11-08T07:05:43.990Z"}
{"level":"info","message":"GET /api/location-types 200 90.925 ms","timestamp":"2025-11-08T07:05:43.994Z"}
{"duration":74,"level":"info","message":"db-query","rows":0,"text":"\n    SELECT \n      f.*, \n      vt.name AS vehicle_type_name, \n      vt.minimum_fares AS vehicle_minimum_fare,\n      a.name AS account_name\n    FROM fare_configurations f\n    LEFT JOIN vehicle_types vt ON vt.id = f.vehicle_type_id\n    LEFT JOIN accounts a ON a.id = f.account_id\n    WHERE f.id = $1\n    ","timestamp":"2025-11-08T07:06:27.536Z"}
{"level":"info","message":"GET /api/faresconfiguration/getbyid/11 404 76.358 ms","timestamp":"2025-11-08T07:06:27.538Z"}
{"duration":10,"level":"info","message":"db-query","rows":5,"text":"\n    SELECT \n      f.*, \n      vt.name AS vehicle_type_name, \n      vt.minimum_fares AS vehicle_minimum_fare,\n      a.name AS account_name\n    FROM fare_configurations f\n    LEFT JOIN vehicle_types vt ON vt.id = f.vehicle_type_id\n    LEFT JOIN accounts a ON a.id = f.account_id\n   WHERE f.title IS NULL OR TRIM(f.title) = '' ORDER BY f.id DESC","timestamp":"2025-11-08T07:06:32.045Z"}
{"level":"info","message":"GET /api/faresconfiguration/get?title=normal 200 13.804 ms","timestamp":"2025-11-08T07:06:32.048Z"}
{"duration":2,"level":"info","message":"db-query","rows":1,"text":"\n    SELECT \n      f.*, \n      vt.name AS vehicle_type_name, \n      vt.minimum_fares AS vehicle_minimum_fare,\n      a.name AS account_name\n    FROM fare_configurations f\n    LEFT JOIN vehicle_types vt ON vt.id = f.vehicle_type_id\n    LEFT JOIN accounts a ON a.id = f.account_id\n    WHERE f.id = $1\n    ","timestamp":"2025-11-08T07:06:41.240Z"}
{"level":"info","message":"GET /api/faresconfiguration/getbyid/26 200 3.720 ms","timestamp":"2025-11-08T07:06:41.243Z"}
{"duration":90,"level":"info","message":"db-query","rows":1,"text":"\n    INSERT INTO fare_configurations (\n      vehicle_type_id,\n      account_id,\n      from_day,\n      to_day,\n      from_time,\n      to_time,\n      minimum_fares,\n      minimum_miles,\n      from_date,\n      to_date,\n      title\n    ) VALUES ($1, $2, $3, $4, $5, $6, $7, $8, $9, $10, $11)\n    RETURNING *;\n  ","timestamp":"2025-11-08T07:12:59.101Z"}
{"level":"info","message":"POST /api/faresconfiguration/add 200 97.544 ms","timestamp":"2025-11-08T07:12:59.102Z"}
{"duration":13,"level":"info","message":"db-query","rows":26,"text":"SELECT * FROM location_types","timestamp":"2025-11-08T07:16:07.622Z"}
{"level":"info","message":"GET /api/location-types 200 39.789 ms","timestamp":"2025-11-08T07:16:07.647Z"}
{"duration":87,"level":"info","message":"db-query","rows":26,"text":"SELECT * FROM location_types","timestamp":"2025-11-08T07:16:07.700Z"}
{"level":"info","message":"GET /api/location-types 200 88.785 ms","timestamp":"2025-11-08T07:16:07.702Z"}
{"duration":5,"level":"info","message":"db-query","rows":26,"text":"SELECT * FROM location_types","timestamp":"2025-11-08T07:16:30.627Z"}
{"level":"info","message":"GET /api/location-types 200 11.754 ms","timestamp":"2025-11-08T07:16:30.634Z"}
{"duration":57,"level":"info","message":"db-query","rows":26,"text":"SELECT * FROM location_types","timestamp":"2025-11-08T07:16:30.680Z"}
{"level":"info","message":"GET /api/location-types 200 58.882 ms","timestamp":"2025-11-08T07:16:30.682Z"}
{"duration":9,"level":"info","message":"db-query","rows":26,"text":"SELECT * FROM location_types","timestamp":"2025-11-08T07:16:36.690Z"}
{"level":"info","message":"GET /api/location-types 200 20.603 ms","timestamp":"2025-11-08T07:16:36.702Z"}
{"duration":71,"level":"info","message":"db-query","rows":26,"text":"SELECT * FROM location_types","timestamp":"2025-11-08T07:16:36.754Z"}
{"level":"info","message":"GET /api/location-types 200 72.986 ms","timestamp":"2025-11-08T07:16:36.756Z"}
{"duration":8,"level":"info","message":"db-query","rows":1,"text":"\n    SELECT \n      f.*, \n      vt.name AS vehicle_type_name, \n      vt.minimum_fares AS vehicle_minimum_fare,\n      a.name AS account_name\n    FROM fare_configurations f\n    LEFT JOIN vehicle_types vt ON vt.id = f.vehicle_type_id\n    LEFT JOIN accounts a ON a.id = f.account_id\n    WHERE f.id = $1\n    ","timestamp":"2025-11-08T07:16:46.146Z"}
{"level":"info","message":"GET /api/faresconfiguration/getbyid/26 200 9.520 ms","timestamp":"2025-11-08T07:16:46.147Z"}
{"duration":3,"level":"info","message":"db-query","rows":1,"text":"\n    INSERT INTO fare_configurations (\n      vehicle_type_id,\n      account_id,\n      from_day,\n      to_day,\n      from_time,\n      to_time,\n      minimum_fares,\n      minimum_miles,\n      from_date,\n      to_date,\n      title\n    ) VALUES ($1, $2, $3, $4, $5, $6, $7, $8, $9, $10, $11)\n    RETURNING *;\n  ","timestamp":"2025-11-08T07:16:54.536Z"}
{"duration":1,"level":"info","message":"db-query","rows":1,"text":"\n    SELECT \n      f.*, \n      vt.name AS vehicle_type_name, \n      vt.minimum_fares AS vehicle_minimum_fare,\n      a.name AS account_name\n    FROM fare_configurations f\n    LEFT JOIN vehicle_types vt ON vt.id = f.vehicle_type_id\n    LEFT JOIN accounts a ON a.id = f.account_id\n    WHERE f.id = $1\n    ","timestamp":"2025-11-08T07:16:54.538Z"}
{"level":"info","message":"POST /api/faresconfiguration/add 200 25.382 ms","timestamp":"2025-11-08T07:16:54.551Z"}
{"duration":9,"level":"info","message":"db-query","rows":26,"text":"SELECT * FROM location_types","timestamp":"2025-11-08T07:17:20.097Z"}
{"level":"info","message":"GET /api/location-types 200 17.608 ms","timestamp":"2025-11-08T07:17:20.107Z"}
{"duration":77,"level":"info","message":"db-query","rows":26,"text":"SELECT * FROM location_types","timestamp":"2025-11-08T07:17:20.169Z"}
{"level":"info","message":"GET /api/location-types 200 79.280 ms","timestamp":"2025-11-08T07:17:20.171Z"}
{"duration":13,"level":"info","message":"db-query","rows":26,"text":"SELECT * FROM location_types","timestamp":"2025-11-08T07:17:54.619Z"}
{"level":"info","message":"GET /api/location-types 200 21.910 ms","timestamp":"2025-11-08T07:17:54.628Z"}
{"duration":62,"level":"info","message":"db-query","rows":26,"text":"SELECT * FROM location_types","timestamp":"2025-11-08T07:17:54.675Z"}
{"level":"info","message":"GET /api/location-types 200 64.892 ms","timestamp":"2025-11-08T07:17:54.677Z"}
{"duration":80,"level":"info","message":"db-query","rows":26,"text":"SELECT * FROM location_types","timestamp":"2025-11-08T08:17:54.097Z"}
{"level":"info","message":"GET /api/location-types 200 82.770 ms","timestamp":"2025-11-08T08:17:54.099Z"}
{"duration":85,"level":"info","message":"db-query","rows":1,"text":"\n    SELECT COUNT(*) AS total\n    FROM zones z\n    ;\n  ","timestamp":"2025-11-08T09:13:07.490Z"}
{"duration":5,"level":"info","message":"db-query","rows":10,"text":"\n    SELECT \n      z.id,\n      z.name,\n      z.secondary_name,\n      z.type,\n      z.category,\n      z.vertices,\n      z.base,\n      z.overlay,\n      z.created_at,\n      z.updated_at\n    FROM zones z\n    \n    ORDER BY z.id ASC\n    LIMIT $1 OFFSET $2;\n  ","timestamp":"2025-11-08T09:13:07.500Z"}
{"level":"info","message":"GET /api/zones/get 200 98.957 ms","timestamp":"2025-11-08T09:13:07.504Z"}
{"duration":95,"level":"info","message":"db-query","rows":1,"text":"\n    SELECT COUNT(*) AS total\n    FROM zones z\n    ;\n  ","timestamp":"2025-11-08T09:13:07.513Z"}
{"duration":108,"level":"info","message":"db-query","rows":26,"text":"SELECT * FROM location_types","timestamp":"2025-11-08T09:13:07.525Z"}
{"level":"info","message":"GET /api/location-types 200 115.272 ms","timestamp":"2025-11-08T09:13:07.531Z"}
{"duration":9,"level":"info","message":"db-query","rows":10,"text":"\n    SELECT \n      z.id,\n      z.name,\n      z.secondary_name,\n      z.type,\n      z.category,\n      z.vertices,\n      z.base,\n      z.overlay,\n      z.created_at,\n      z.updated_at\n    FROM zones z\n    \n    ORDER BY z.id ASC\n    LIMIT $1 OFFSET $2;\n  ","timestamp":"2025-11-08T09:13:07.533Z"}
{"level":"info","message":"GET /api/zones/get 200 117.366 ms","timestamp":"2025-11-08T09:13:07.535Z"}
{"level":"info","message":"GET /api/locationtype/zone 200 130.490 ms","timestamp":"2025-11-08T09:13:07.538Z"}
{"duration":78,"level":"info","message":"db-query","rows":1,"text":"\n    SELECT COUNT(*) AS total\n    FROM vehicle_types vt\n    ;\n  ","timestamp":"2025-11-08T09:15:12.315Z"}
{"duration":1,"level":"info","message":"db-query","rows":1,"text":"\n    SELECT vt.*\n    FROM vehicle_types vt\n    \n    ORDER BY vt.id ASC\n    OFFSET $1 LIMIT $2;\n  ","timestamp":"2025-11-08T09:15:12.317Z"}
{"level":"info","message":"GET /api/vehicle-type/get 200 83.208 ms","timestamp":"2025-11-08T09:15:12.319Z"}
{"duration":82,"level":"info","message":"db-query","rows":1,"text":"\n    SELECT COUNT(DISTINCT a.id) AS total\n    FROM accounts a\n    LEFT JOIN subsidiaries s ON a.subsidiary_id = s.id\n    ;\n  ","timestamp":"2025-11-08T09:15:12.322Z"}
{"duration":8,"level":"info","message":"db-query","rows":21,"text":"\n    SELECT\n      a.*,\n      json_agg(DISTINCT jsonb_build_object('id', d.id, 'name', d.name)) AS departments,\n      jsonb_build_object(\n        'id', s.id,\n        'name', s.name,\n        'telephone_number', s.telephone_number,\n        'email', s.email\n      ) AS subsidiary\n    FROM accounts a\n    LEFT JOIN departments d ON a.id = d.account_id\n    LEFT JOIN subsidiaries s ON a.subsidiary_id = s.id\n    \n    GROUP BY a.id, s.id\n    ORDER BY a.id ASC\n    OFFSET $1 LIMIT $2;\n  ","timestamp":"2025-11-08T09:15:12.331Z"}
{"level":"info","message":"GET /api/accounts/get 200 93.883 ms","timestamp":"2025-11-08T09:15:12.333Z"}
{"level":"info","message":"GET /api/combined/vehicle-type-accounts 200 110.971 ms","timestamp":"2025-11-08T09:15:12.335Z"}
{"duration":5,"level":"info","message":"db-query","rows":5,"text":"\n    SELECT \n      f.*, \n      vt.name AS vehicle_type_name, \n      vt.minimum_fares AS vehicle_minimum_fare,\n      a.name AS account_name\n    FROM fare_configurations f\n    LEFT JOIN vehicle_types vt ON vt.id = f.vehicle_type_id\n    LEFT JOIN accounts a ON a.id = f.account_id\n   WHERE f.title IS NULL OR TRIM(f.title) = '' ORDER BY f.id DESC","timestamp":"2025-11-08T09:15:12.477Z"}
{"level":"info","message":"GET /api/faresconfiguration/get?title=NORMAL 200 6.790 ms","timestamp":"2025-11-08T09:15:12.479Z"}
{"duration":54,"level":"info","message":"db-query","rows":3,"text":"\n    SELECT \n      f.*, \n      vt.name AS vehicle_type_name, \n      vt.minimum_fares AS vehicle_minimum_fare,\n      a.name AS account_name\n    FROM fare_configurations f\n    LEFT JOIN vehicle_types vt ON vt.id = f.vehicle_type_id\n    LEFT JOIN accounts a ON a.id = f.account_id\n   WHERE f.title IS NOT NULL AND TRIM(f.title) <> '' ORDER BY f.id DESC","timestamp":"2025-11-08T09:15:54.324Z"}
{"level":"info","message":"GET /api/faresconfiguration/get?title=SPECIAL 200 55.948 ms","timestamp":"2025-11-08T09:15:54.326Z"}
{"duration":56,"level":"info","message":"db-query","rows":0,"text":"\n    SELECT \n      f.*, \n      vt.name AS vehicle_type_name, \n      vt.minimum_fares AS vehicle_minimum_fare,\n      a.name AS account_name\n    FROM fare_configurations f\n    LEFT JOIN vehicle_types vt ON vt.id = f.vehicle_type_id\n    LEFT JOIN accounts a ON a.id = f.account_id\n   WHERE f.title IS NULL OR TRIM(f.title) = '' ORDER BY f.id DESC","timestamp":"2025-11-08T09:16:30.880Z"}
{"level":"info","message":"GET /api/faresconfiguration/get?title=NORMAL 200 57.388 ms","timestamp":"2025-11-08T09:16:30.882Z"}
{"duration":67,"level":"info","message":"db-query","rows":1,"text":"\n    INSERT INTO fare_configurations (\n      vehicle_type_id,\n      account_id,\n      from_day,\n      to_day,\n      from_time,\n      to_time,\n      minimum_fares,\n      minimum_miles,\n      from_date,\n      to_date,\n      title\n    ) VALUES ($1, $2, $3, $4, $5, $6, $7, $8, $9, $10, $11)\n    RETURNING *;\n  ","timestamp":"2025-11-08T09:17:06.950Z"}
{"duration":2,"level":"info","message":"db-query","rows":1,"text":"\n    SELECT \n      f.*, \n      vt.name AS vehicle_type_name, \n      vt.minimum_fares AS vehicle_minimum_fare,\n      a.name AS account_name\n    FROM fare_configurations f\n    LEFT JOIN vehicle_types vt ON vt.id = f.vehicle_type_id\n    LEFT JOIN accounts a ON a.id = f.account_id\n    WHERE f.id = $1\n    ","timestamp":"2025-11-08T09:17:06.953Z"}
{"level":"info","message":"POST /api/faresconfiguration/add 200 72.162 ms","timestamp":"2025-11-08T09:17:06.954Z"}
{"duration":56,"level":"info","message":"db-query","rows":1,"text":"\n    INSERT INTO fare_configurations (\n      vehicle_type_id,\n      account_id,\n      from_day,\n      to_day,\n      from_time,\n      to_time,\n      minimum_fares,\n      minimum_miles,\n      from_date,\n      to_date,\n      title\n    ) VALUES ($1, $2, $3, $4, $5, $6, $7, $8, $9, $10, $11)\n    RETURNING *;\n  ","timestamp":"2025-11-08T09:17:23.762Z"}
{"duration":2,"level":"info","message":"db-query","rows":1,"text":"\n    SELECT \n      f.*, \n      vt.name AS vehicle_type_name, \n      vt.minimum_fares AS vehicle_minimum_fare,\n      a.name AS account_name\n    FROM fare_configurations f\n    LEFT JOIN vehicle_types vt ON vt.id = f.vehicle_type_id\n    LEFT JOIN accounts a ON a.id = f.account_id\n    WHERE f.id = $1\n    ","timestamp":"2025-11-08T09:17:23.765Z"}
{"level":"info","message":"POST /api/faresconfiguration/add 200 60.657 ms","timestamp":"2025-11-08T09:17:23.766Z"}
{"duration":83,"level":"info","message":"db-query","rows":26,"text":"SELECT * FROM location_types","timestamp":"2025-11-08T09:17:54.090Z"}
{"level":"info","message":"GET /api/location-types 200 83.352 ms","timestamp":"2025-11-08T09:17:54.091Z"}
{"duration":87,"level":"info","message":"db-query","rows":0,"text":"\n    SELECT \n      f.*, \n      vt.name AS vehicle_type_name, \n      vt.minimum_fares AS vehicle_minimum_fare,\n      a.name AS account_name\n    FROM fare_configurations f\n    LEFT JOIN vehicle_types vt ON vt.id = f.vehicle_type_id\n    LEFT JOIN accounts a ON a.id = f.account_id\n   WHERE f.title IS NOT NULL AND TRIM(f.title) <> '' ORDER BY f.id DESC","timestamp":"2025-11-08T09:18:52.522Z"}
{"level":"info","message":"GET /api/faresconfiguration/get?title=SPECIAL 200 88.009 ms","timestamp":"2025-11-08T09:18:52.523Z"}
{"duration":4,"level":"info","message":"db-query","rows":2,"text":"\n    SELECT \n      f.*, \n      vt.name AS vehicle_type_name, \n      vt.minimum_fares AS vehicle_minimum_fare,\n      a.name AS account_name\n    FROM fare_configurations f\n    LEFT JOIN vehicle_types vt ON vt.id = f.vehicle_type_id\n    LEFT JOIN accounts a ON a.id = f.account_id\n   WHERE f.title IS NULL OR TRIM(f.title) = '' ORDER BY f.id DESC","timestamp":"2025-11-08T09:18:54.879Z"}
{"level":"info","message":"GET /api/faresconfiguration/get?title=NORMAL 200 10.777 ms","timestamp":"2025-11-08T09:18:54.886Z"}
{"duration":79,"level":"info","message":"db-query","rows":1,"text":"\n    INSERT INTO fare_configurations (\n      vehicle_type_id,\n      account_id,\n      from_day,\n      to_day,\n      from_time,\n      to_time,\n      minimum_fares,\n      minimum_miles,\n      from_date,\n      to_date,\n      title\n    ) VALUES ($1, $2, $3, $4, $5, $6, $7, $8, $9, $10, $11)\n    RETURNING *;\n  ","timestamp":"2025-11-08T09:20:36.830Z"}
{"duration":3,"level":"info","message":"db-query","rows":1,"text":"\n    SELECT \n      f.*, \n      vt.name AS vehicle_type_name, \n      vt.minimum_fares AS vehicle_minimum_fare,\n      a.name AS account_name\n    FROM fare_configurations f\n    LEFT JOIN vehicle_types vt ON vt.id = f.vehicle_type_id\n    LEFT JOIN accounts a ON a.id = f.account_id\n    WHERE f.id = $1\n    ","timestamp":"2025-11-08T09:20:36.833Z"}
{"level":"info","message":"POST /api/faresconfiguration/add 200 84.144 ms","timestamp":"2025-11-08T09:20:36.834Z"}
{"duration":99,"level":"info","message":"db-query","rows":1,"text":"\n    INSERT INTO fare_configurations (\n      vehicle_type_id,\n      account_id,\n      from_day,\n      to_day,\n      from_time,\n      to_time,\n      minimum_fares,\n      minimum_miles,\n      from_date,\n      to_date,\n      title\n    ) VALUES ($1, $2, $3, $4, $5, $6, $7, $8, $9, $10, $11)\n    RETURNING *;\n  ","timestamp":"2025-11-08T09:21:10.347Z"}
{"duration":2,"level":"info","message":"db-query","rows":1,"text":"\n    SELECT \n      f.*, \n      vt.name AS vehicle_type_name, \n      vt.minimum_fares AS vehicle_minimum_fare,\n      a.name AS account_name\n    FROM fare_configurations f\n    LEFT JOIN vehicle_types vt ON vt.id = f.vehicle_type_id\n    LEFT JOIN accounts a ON a.id = f.account_id\n    WHERE f.id = $1\n    ","timestamp":"2025-11-08T09:21:10.350Z"}
{"level":"info","message":"POST /api/faresconfiguration/add 200 105.282 ms","timestamp":"2025-11-08T09:21:10.351Z"}
{"duration":107,"level":"info","message":"db-query","rows":1,"text":"\n    INSERT INTO fare_configurations (\n      vehicle_type_id,\n      account_id,\n      from_day,\n      to_day,\n      from_time,\n      to_time,\n      minimum_fares,\n      minimum_miles,\n      from_date,\n      to_date,\n      title\n    ) VALUES ($1, $2, $3, $4, $5, $6, $7, $8, $9, $10, $11)\n    RETURNING *;\n  ","timestamp":"2025-11-08T09:21:36.693Z"}
{"duration":2,"level":"info","message":"db-query","rows":1,"text":"\n    SELECT \n      f.*, \n      vt.name AS vehicle_type_name, \n      vt.minimum_fares AS vehicle_minimum_fare,\n      a.name AS account_name\n    FROM fare_configurations f\n    LEFT JOIN vehicle_types vt ON vt.id = f.vehicle_type_id\n    LEFT JOIN accounts a ON a.id = f.account_id\n    WHERE f.id = $1\n    ","timestamp":"2025-11-08T09:21:36.696Z"}
{"level":"info","message":"POST /api/faresconfiguration/add 200 111.201 ms","timestamp":"2025-11-08T09:21:36.697Z"}
{"duration":91,"level":"info","message":"db-query","rows":1,"text":"\n    INSERT INTO fare_configurations (\n      vehicle_type_id,\n      account_id,\n      from_day,\n      to_day,\n      from_time,\n      to_time,\n      minimum_fares,\n      minimum_miles,\n      from_date,\n      to_date,\n      title\n    ) VALUES ($1, $2, $3, $4, $5, $6, $7, $8, $9, $10, $11)\n    RETURNING *;\n  ","timestamp":"2025-11-08T09:22:09.993Z"}
{"duration":2,"level":"info","message":"db-query","rows":1,"text":"\n    SELECT \n      f.*, \n      vt.name AS vehicle_type_name, \n      vt.minimum_fares AS vehicle_minimum_fare,\n      a.name AS account_name\n    FROM fare_configurations f\n    LEFT JOIN vehicle_types vt ON vt.id = f.vehicle_type_id\n    LEFT JOIN accounts a ON a.id = f.account_id\n    WHERE f.id = $1\n    ","timestamp":"2025-11-08T09:22:09.996Z"}
{"level":"info","message":"POST /api/faresconfiguration/add 200 96.869 ms","timestamp":"2025-11-08T09:22:09.997Z"}
{"duration":73,"level":"info","message":"db-query","rows":1,"text":"\n    INSERT INTO fare_configurations (\n      vehicle_type_id,\n      account_id,\n      from_day,\n      to_day,\n      from_time,\n      to_time,\n      minimum_fares,\n      minimum_miles,\n      from_date,\n      to_date,\n      title\n    ) VALUES ($1, $2, $3, $4, $5, $6, $7, $8, $9, $10, $11)\n    RETURNING *;\n  ","timestamp":"2025-11-08T09:24:02.561Z"}
{"duration":2,"level":"info","message":"db-query","rows":1,"text":"\n    SELECT \n      f.*, \n      vt.name AS vehicle_type_name, \n      vt.minimum_fares AS vehicle_minimum_fare,\n      a.name AS account_name\n    FROM fare_configurations f\n    LEFT JOIN vehicle_types vt ON vt.id = f.vehicle_type_id\n    LEFT JOIN accounts a ON a.id = f.account_id\n    WHERE f.id = $1\n    ","timestamp":"2025-11-08T09:24:02.564Z"}
{"level":"info","message":"POST /api/faresconfiguration/add 200 78.335 ms","timestamp":"2025-11-08T09:24:02.565Z"}
{"duration":65,"level":"info","message":"db-query","rows":1,"text":"\n    INSERT INTO fare_configurations (\n      vehicle_type_id,\n      account_id,\n      from_day,\n      to_day,\n      from_time,\n      to_time,\n      minimum_fares,\n      minimum_miles,\n      from_date,\n      to_date,\n      title\n    ) VALUES ($1, $2, $3, $4, $5, $6, $7, $8, $9, $10, $11)\n    RETURNING *;\n  ","timestamp":"2025-11-08T09:24:43.038Z"}
{"duration":2,"level":"info","message":"db-query","rows":1,"text":"\n    SELECT \n      f.*, \n      vt.name AS vehicle_type_name, \n      vt.minimum_fares AS vehicle_minimum_fare,\n      a.name AS account_name\n    FROM fare_configurations f\n    LEFT JOIN vehicle_types vt ON vt.id = f.vehicle_type_id\n    LEFT JOIN accounts a ON a.id = f.account_id\n    WHERE f.id = $1\n    ","timestamp":"2025-11-08T09:24:43.041Z"}
{"level":"info","message":"POST /api/faresconfiguration/add 200 69.769 ms","timestamp":"2025-11-08T09:24:43.042Z"}
{"duration":1,"level":"info","message":"db-query","rows":0,"text":"\n    SELECT \n      f.*, \n      vt.name AS vehicle_type_name, \n      vt.minimum_fares AS vehicle_minimum_fare,\n      a.name AS account_name\n    FROM fare_configurations f\n    LEFT JOIN vehicle_types vt ON vt.id = f.vehicle_type_id\n    LEFT JOIN accounts a ON a.id = f.account_id\n   WHERE f.title IS NOT NULL AND TRIM(f.title) <> '' ORDER BY f.id DESC","timestamp":"2025-11-08T09:24:46.693Z"}
{"level":"info","message":"GET /api/faresconfiguration/get?title=SPECIAL 304 2.475 ms","timestamp":"2025-11-08T09:24:46.694Z"}
{"duration":85,"level":"info","message":"db-query","rows":1,"text":"\n    INSERT INTO fare_configurations (\n      vehicle_type_id,\n      account_id,\n      from_day,\n      to_day,\n      from_time,\n      to_time,\n      minimum_fares,\n      minimum_miles,\n      from_date,\n      to_date,\n      title\n    ) VALUES ($1, $2, $3, $4, $5, $6, $7, $8, $9, $10, $11)\n    RETURNING *;\n  ","timestamp":"2025-11-08T09:25:18.324Z"}
{"duration":2,"level":"info","message":"db-query","rows":1,"text":"\n    SELECT \n      f.*, \n      vt.name AS vehicle_type_name, \n      vt.minimum_fares AS vehicle_minimum_fare,\n      a.name AS account_name\n    FROM fare_configurations f\n    LEFT JOIN vehicle_types vt ON vt.id = f.vehicle_type_id\n    LEFT JOIN accounts a ON a.id = f.account_id\n    WHERE f.id = $1\n    ","timestamp":"2025-11-08T09:25:18.327Z"}
{"level":"info","message":"POST /api/faresconfiguration/add 200 91.146 ms","timestamp":"2025-11-08T09:25:18.328Z"}
{"duration":52,"level":"info","message":"db-query","rows":8,"text":"\n    SELECT \n      f.*, \n      vt.name AS vehicle_type_name, \n      vt.minimum_fares AS vehicle_minimum_fare,\n      a.name AS account_name\n    FROM fare_configurations f\n    LEFT JOIN vehicle_types vt ON vt.id = f.vehicle_type_id\n    LEFT JOIN accounts a ON a.id = f.account_id\n   WHERE f.title IS NULL OR TRIM(f.title) = '' ORDER BY f.id DESC","timestamp":"2025-11-08T09:31:55.474Z"}
{"level":"info","message":"GET /api/faresconfiguration/get?title=NORMAL 200 52.562 ms","timestamp":"2025-11-08T09:31:55.475Z"}
{"duration":96,"level":"info","message":"db-query","rows":1,"text":"\n    INSERT INTO fare_configurations (\n      vehicle_type_id,\n      account_id,\n      from_day,\n      to_day,\n      from_time,\n      to_time,\n      minimum_fares,\n      minimum_miles,\n      from_date,\n      to_date,\n      title\n    ) VALUES ($1, $2, $3, $4, $5, $6, $7, $8, $9, $10, $11)\n    RETURNING *;\n  ","timestamp":"2025-11-08T09:32:25.964Z"}
{"duration":2,"level":"info","message":"db-query","rows":1,"text":"\n    SELECT \n      f.*, \n      vt.name AS vehicle_type_name, \n      vt.minimum_fares AS vehicle_minimum_fare,\n      a.name AS account_name\n    FROM fare_configurations f\n    LEFT JOIN vehicle_types vt ON vt.id = f.vehicle_type_id\n    LEFT JOIN accounts a ON a.id = f.account_id\n    WHERE f.id = $1\n    ","timestamp":"2025-11-08T09:32:25.967Z"}
{"level":"info","message":"POST /api/faresconfiguration/add 200 101.817 ms","timestamp":"2025-11-08T09:32:25.969Z"}
{"duration":3,"level":"info","message":"db-query","rows":1,"text":"\n    SELECT \n      f.*, \n      vt.name AS vehicle_type_name, \n      vt.minimum_fares AS vehicle_minimum_fare,\n      a.name AS account_name\n    FROM fare_configurations f\n    LEFT JOIN vehicle_types vt ON vt.id = f.vehicle_type_id\n    LEFT JOIN accounts a ON a.id = f.account_id\n   WHERE f.title IS NOT NULL AND TRIM(f.title) <> '' ORDER BY f.id DESC","timestamp":"2025-11-08T09:32:31.504Z"}
{"level":"info","message":"GET /api/faresconfiguration/get?title=SPECIAL 200 5.042 ms","timestamp":"2025-11-08T09:32:31.506Z"}
{"duration":57,"level":"info","message":"db-query","rows":1,"text":"\n    INSERT INTO fare_configurations (\n      vehicle_type_id,\n      account_id,\n      from_day,\n      to_day,\n      from_time,\n      to_time,\n      minimum_fares,\n      minimum_miles,\n      from_date,\n      to_date,\n      title\n    ) VALUES ($1, $2, $3, $4, $5, $6, $7, $8, $9, $10, $11)\n    RETURNING *;\n  ","timestamp":"2025-11-08T09:32:56.825Z"}
{"duration":2,"level":"info","message":"db-query","rows":1,"text":"\n    SELECT \n      f.*, \n      vt.name AS vehicle_type_name, \n      vt.minimum_fares AS vehicle_minimum_fare,\n      a.name AS account_name\n    FROM fare_configurations f\n    LEFT JOIN vehicle_types vt ON vt.id = f.vehicle_type_id\n    LEFT JOIN accounts a ON a.id = f.account_id\n    WHERE f.id = $1\n    ","timestamp":"2025-11-08T09:32:56.828Z"}
{"level":"info","message":"POST /api/faresconfiguration/add 200 62.434 ms","timestamp":"2025-11-08T09:32:56.829Z"}
{"duration":92,"level":"info","message":"db-query","rows":1,"text":"\n    INSERT INTO fare_configurations (\n      vehicle_type_id,\n      account_id,\n      from_day,\n      to_day,\n      from_time,\n      to_time,\n      minimum_fares,\n      minimum_miles,\n      from_date,\n      to_date,\n      title\n    ) VALUES ($1, $2, $3, $4, $5, $6, $7, $8, $9, $10, $11)\n    RETURNING *;\n  ","timestamp":"2025-11-08T09:33:20.053Z"}
{"duration":2,"level":"info","message":"db-query","rows":1,"text":"\n    SELECT \n      f.*, \n      vt.name AS vehicle_type_name, \n      vt.minimum_fares AS vehicle_minimum_fare,\n      a.name AS account_name\n    FROM fare_configurations f\n    LEFT JOIN vehicle_types vt ON vt.id = f.vehicle_type_id\n    LEFT JOIN accounts a ON a.id = f.account_id\n    WHERE f.id = $1\n    ","timestamp":"2025-11-08T09:33:20.056Z"}
{"level":"info","message":"POST /api/faresconfiguration/add 200 97.654 ms","timestamp":"2025-11-08T09:33:20.057Z"}
{"duration":51,"level":"info","message":"db-query","rows":1,"text":"\n    SELECT COUNT(*) AS total\n    FROM zones z\n    ;\n  ","timestamp":"2025-11-08T09:44:36.290Z"}
{"duration":2,"level":"info","message":"db-query","rows":10,"text":"\n    SELECT \n      z.id,\n      z.name,\n      z.secondary_name,\n      z.type,\n      z.category,\n      z.vertices,\n      z.base,\n      z.overlay,\n      z.created_at,\n      z.updated_at\n    FROM zones z\n    \n    ORDER BY z.id ASC\n    LIMIT $1 OFFSET $2;\n  ","timestamp":"2025-11-08T09:44:36.292Z"}
{"level":"info","message":"GET /api/zones/get 304 54.373 ms","timestamp":"2025-11-08T09:44:36.293Z"}
{"duration":62,"level":"info","message":"db-query","rows":1,"text":"\n    SELECT COUNT(*) AS total\n    FROM zones z\n    ;\n  ","timestamp":"2025-11-08T09:44:36.307Z"}
{"duration":1,"level":"info","message":"db-query","rows":10,"text":"\n    SELECT \n      z.id,\n      z.name,\n      z.secondary_name,\n      z.type,\n      z.category,\n      z.vertices,\n      z.base,\n      z.overlay,\n      z.created_at,\n      z.updated_at\n    FROM zones z\n    \n    ORDER BY z.id ASC\n    LIMIT $1 OFFSET $2;\n  ","timestamp":"2025-11-08T09:44:36.309Z"}
{"level":"info","message":"GET /api/zones/get 200 65.860 ms","timestamp":"2025-11-08T09:44:36.311Z"}
{"duration":68,"level":"info","message":"db-query","rows":26,"text":"SELECT * FROM location_types","timestamp":"2025-11-08T09:44:36.312Z"}
{"level":"info","message":"GET /api/location-types 200 68.892 ms","timestamp":"2025-11-08T09:44:36.313Z"}
{"level":"info","message":"GET /api/locationtype/zone 304 76.041 ms","timestamp":"2025-11-08T09:44:36.317Z"}
{"duration":93,"level":"info","message":"db-query","rows":1,"text":"\n    SELECT COUNT(*) AS total\n    FROM drivers d\n    LEFT JOIN subsidiaries s ON s.id = d.subsidiary_id\n    LEFT JOIN vehicles v ON v.id = d.vehicle_id\n    LEFT JOIN vehicle_types vt_v ON vt_v.id = v.vehicle_type_id\n    LEFT JOIN company_vehicles cv ON cv.id = d.company_vehicle_id\n    LEFT JOIN vehicle_types vt_cv ON vt_cv.id = cv.vehicle_type_id\n    WHERE d.active = $1;\n  ","timestamp":"2025-11-08T09:44:51.750Z"}
{"duration":5,"level":"info","message":"db-query","rows":1,"text":"\n    SELECT \n      d.*,\n      s.name AS subsidiary_name,\n      CASE \n        WHEN d.use_company_vehicle = true THEN\n          json_build_object(\n            'vehicle_number', cv.vehicle_number,\n            'make', cv.make,\n            'model', cv.model,\n            'color', cv.color,\n            'end_date', cv.end_date,\n            'vehicle_type', json_build_object(\n              'id', vt_cv.id,\n              'name', vt_cv.name,\n              'passengers', vt_cv.passengers,\n              'luggages', vt_cv.luggages,\n              'driver_waiting_charges', vt_cv.driver_waiting_charges\n            )\n          )\n        ELSE\n          json_build_object(\n            'vehicle_number', v.vehicle_number,\n            'make', v.make,\n            'model', v.model,\n            'color', v.color,\n            'end_date', v.end_date,\n            'vehicle_type', json_build_object(\n              'id', vt_v.id,\n              'name', vt_v.name,\n              'passengers', vt_v.passengers,\n              'luggages', vt_v.luggages,\n              'driver_waiting_charges', vt_v.driver_waiting_charges\n            )\n          )\n      END AS vehicle\n    FROM drivers d\n    LEFT JOIN subsidiaries s ON s.id = d.subsidiary_id\n    LEFT JOIN vehicles v ON v.id = d.vehicle_id\n    LEFT JOIN vehicle_types vt_v ON vt_v.id = v.vehicle_type_id\n    LEFT JOIN company_vehicles cv ON cv.id = d.company_vehicle_id\n    LEFT JOIN vehicle_types vt_cv ON vt_cv.id = cv.vehicle_type_id\n    WHERE d.active = $1\n    ORDER BY d.id DESC\n    LIMIT $2 OFFSET $3;\n  ","timestamp":"2025-11-08T09:44:51.755Z"}
{"level":"info","message":"GET /api/drivers/get?&active=true&limit=15&name=&username=&vehicle_type=&driver_end_date=&vehicle_end_date=&mot_expiry=&mot2_expiry=&insurance_expiry=&licence_expiry=&mobile=&subsidiary= 200 100.263 ms","timestamp":"2025-11-08T09:44:51.757Z"}
{"duration":3,"level":"info","message":"db-query","rows":1,"text":"\n    SELECT COUNT(*) AS total\n    FROM vehicle_types vt\n    ;\n  ","timestamp":"2025-11-08T09:44:54.877Z"}
{"duration":2,"level":"info","message":"db-query","rows":1,"text":"\n    SELECT vt.*\n    FROM vehicle_types vt\n    \n    ORDER BY vt.id ASC\n    OFFSET $1 LIMIT $2;\n  ","timestamp":"2025-11-08T09:44:54.879Z"}
{"level":"info","message":"GET /api/vehicle-type/get 200 6.511 ms","timestamp":"2025-11-08T09:44:54.881Z"}
{"duration":82,"level":"info","message":"db-query","rows":1,"text":"\n    SELECT COUNT(*) AS total\n    FROM company_vehicles cv\n    LEFT JOIN vehicle_types vt ON cv.vehicle_type_id = vt.id\n    ;\n  ","timestamp":"2025-11-08T09:44:54.957Z"}
{"duration":85,"level":"info","message":"db-query","rows":1,"text":"SELECT COUNT(*) AS total FROM subsidiaries s ","timestamp":"2025-11-08T09:44:54.961Z"}
{"duration":2,"level":"info","message":"db-query","rows":0,"text":"\n    SELECT cv.*, vt.id AS vehicle_type_id, vt.name AS vehicle_type_name\n    FROM company_vehicles cv\n    LEFT JOIN vehicle_types vt ON cv.vehicle_type_id = vt.id\n    \n    ORDER BY cv.id DESC\n    OFFSET $1 LIMIT $2;\n  ","timestamp":"2025-11-08T09:44:54.963Z"}
{"level":"info","message":"GET /api/company-vehicles/get 200 88.967 ms","timestamp":"2025-11-08T09:44:54.964Z"}
{"duration":2,"level":"info","message":"db-query","rows":1,"text":"\n    SELECT *\n    FROM subsidiaries s\n    \n    ORDER BY s.id ASC\n    LIMIT $1 OFFSET $2;\n  ","timestamp":"2025-11-08T09:44:54.964Z"}
{"level":"info","message":"GET /api/subsidiaries/get 200 89.439 ms","timestamp":"2025-11-08T09:44:54.965Z"}
{"level":"info","message":"GET /api/driver-combine/get 200 106.588 ms","timestamp":"2025-11-08T09:44:54.968Z"}
{"duration":1,"level":"info","message":"db-query","rows":null,"text":"BEGIN","timestamp":"2025-11-08T09:44:55.448Z"}
{"duration":8,"level":"info","message":"db-query","rows":1,"text":"SELECT d.*, s.name AS subsidiary_name\n       FROM drivers d\n       LEFT JOIN subsidiaries s ON s.id = d.subsidiary_id\n       WHERE d.id = $1","timestamp":"2025-11-08T09:44:55.457Z"}
{"duration":6,"level":"info","message":"db-query","rows":2,"text":"SELECT id, note, created_at, created_by\n       FROM driver_notes\n       WHERE driver_id = $1\n       ORDER BY created_at DESC","timestamp":"2025-11-08T09:44:55.464Z"}
{"duration":5,"level":"info","message":"db-query","rows":1,"text":"SELECT id, name, start_time, end_time\n       FROM driver_shifts\n       WHERE driver_id = $1\n       ORDER BY id ASC","timestamp":"2025-11-08T09:44:55.470Z"}
{"duration":8,"level":"info","message":"db-query","rows":1,"text":"SELECT \n            v.*,\n            json_build_object(\n              'id', vt.id,\n              'name', vt.name,\n              'driver_waiting_charges', vt.driver_waiting_charges,\n              'account_waiting_charges', vt.account_waiting_charges,\n              'waiting_time', vt.waiting_time\n            ) AS vehicle_type\n         FROM vehicles v\n         LEFT JOIN vehicle_types vt ON vt.id = v.vehicle_type_id\n         WHERE v.id = $1\n         LIMIT 1","timestamp":"2025-11-08T09:44:55.482Z"}
{"duration":1,"level":"info","message":"db-query","rows":null,"text":"COMMIT","timestamp":"2025-11-08T09:44:55.484Z"}
{"level":"info","message":"GET /api/drivers/getbyid/143 200 41.176 ms","timestamp":"2025-11-08T09:44:55.487Z"}
{"duration":9,"level":"info","message":"db-query","rows":1,"text":"\n    SELECT COUNT(*) AS total\n    FROM drivers d\n    LEFT JOIN subsidiaries s ON s.id = d.subsidiary_id\n    LEFT JOIN vehicles v ON v.id = d.vehicle_id\n    LEFT JOIN vehicle_types vt_v ON vt_v.id = v.vehicle_type_id\n    LEFT JOIN company_vehicles cv ON cv.id = d.company_vehicle_id\n    LEFT JOIN vehicle_types vt_cv ON vt_cv.id = cv.vehicle_type_id\n    WHERE d.active = $1;\n  ","timestamp":"2025-11-08T09:45:02.486Z"}
{"duration":9,"level":"info","message":"db-query","rows":1,"text":"\n    SELECT \n      d.*,\n      s.name AS subsidiary_name,\n      CASE \n        WHEN d.use_company_vehicle = true THEN\n          json_build_object(\n            'vehicle_number', cv.vehicle_number,\n            'make', cv.make,\n            'model', cv.model,\n            'color', cv.color,\n            'end_date', cv.end_date,\n            'vehicle_type', json_build_object(\n              'id', vt_cv.id,\n              'name', vt_cv.name,\n              'passengers', vt_cv.passengers,\n              'luggages', vt_cv.luggages,\n              'driver_waiting_charges', vt_cv.driver_waiting_charges\n            )\n          )\n        ELSE\n          json_build_object(\n            'vehicle_number', v.vehicle_number,\n            'make', v.make,\n            'model', v.model,\n            'color', v.color,\n            'end_date', v.end_date,\n            'vehicle_type', json_build_object(\n              'id', vt_v.id,\n              'name', vt_v.name,\n              'passengers', vt_v.passengers,\n              'luggages', vt_v.luggages,\n              'driver_waiting_charges', vt_v.driver_waiting_charges\n            )\n          )\n      END AS vehicle\n    FROM drivers d\n    LEFT JOIN subsidiaries s ON s.id = d.subsidiary_id\n    LEFT JOIN vehicles v ON v.id = d.vehicle_id\n    LEFT JOIN vehicle_types vt_v ON vt_v.id = v.vehicle_type_id\n    LEFT JOIN company_vehicles cv ON cv.id = d.company_vehicle_id\n    LEFT JOIN vehicle_types vt_cv ON vt_cv.id = cv.vehicle_type_id\n    WHERE d.active = $1\n    ORDER BY d.id DESC\n    LIMIT $2 OFFSET $3;\n  ","timestamp":"2025-11-08T09:45:02.496Z"}
{"level":"info","message":"GET /api/drivers/get?&active=true&limit=15&name=&username=&vehicle_type=&driver_end_date=&vehicle_end_date=&mot_expiry=&mot2_expiry=&insurance_expiry=&licence_expiry=&mobile=&subsidiary= 304 22.410 ms","timestamp":"2025-11-08T09:45:02.500Z"}
{"duration":1,"level":"info","message":"db-query","rows":1,"text":"\n    SELECT COUNT(*) AS total\n    FROM drivers d\n    LEFT JOIN subsidiaries s ON s.id = d.subsidiary_id\n    LEFT JOIN vehicles v ON v.id = d.vehicle_id\n    LEFT JOIN vehicle_types vt_v ON vt_v.id = v.vehicle_type_id\n    LEFT JOIN company_vehicles cv ON cv.id = d.company_vehicle_id\n    LEFT JOIN vehicle_types vt_cv ON vt_cv.id = cv.vehicle_type_id\n    WHERE d.active = $1;\n  ","timestamp":"2025-11-08T09:45:10.611Z"}
{"duration":2,"level":"info","message":"db-query","rows":1,"text":"\n    SELECT \n      d.*,\n      s.name AS subsidiary_name,\n      CASE \n        WHEN d.use_company_vehicle = true THEN\n          json_build_object(\n            'vehicle_number', cv.vehicle_number,\n            'make', cv.make,\n            'model', cv.model,\n            'color', cv.color,\n            'end_date', cv.end_date,\n            'vehicle_type', json_build_object(\n              'id', vt_cv.id,\n              'name', vt_cv.name,\n              'passengers', vt_cv.passengers,\n              'luggages', vt_cv.luggages,\n              'driver_waiting_charges', vt_cv.driver_waiting_charges\n            )\n          )\n        ELSE\n          json_build_object(\n            'vehicle_number', v.vehicle_number,\n            'make', v.make,\n            'model', v.model,\n            'color', v.color,\n            'end_date', v.end_date,\n            'vehicle_type', json_build_object(\n              'id', vt_v.id,\n              'name', vt_v.name,\n              'passengers', vt_v.passengers,\n              'luggages', vt_v.luggages,\n              'driver_waiting_charges', vt_v.driver_waiting_charges\n            )\n          )\n      END AS vehicle\n    FROM drivers d\n    LEFT JOIN subsidiaries s ON s.id = d.subsidiary_id\n    LEFT JOIN vehicles v ON v.id = d.vehicle_id\n    LEFT JOIN vehicle_types vt_v ON vt_v.id = v.vehicle_type_id\n    LEFT JOIN company_vehicles cv ON cv.id = d.company_vehicle_id\n    LEFT JOIN vehicle_types vt_cv ON vt_cv.id = cv.vehicle_type_id\n    WHERE d.active = $1\n    ORDER BY d.id DESC\n    LIMIT $2 OFFSET $3;\n  ","timestamp":"2025-11-08T09:45:10.614Z"}
{"level":"info","message":"GET /api/drivers/get?&active=true&limit=15&name=&username=&vehicle_type=&driver_end_date=&vehicle_end_date=&mot_expiry=&mot2_expiry=&insurance_expiry=&licence_expiry=&mobile=&subsidiary= 304 5.614 ms","timestamp":"2025-11-08T09:45:10.616Z"}
{"duration":4,"level":"info","message":"db-query","rows":1,"text":"\n    SELECT COUNT(*) AS total\n    FROM vehicle_types vt\n    ;\n  ","timestamp":"2025-11-08T09:45:13.176Z"}
{"duration":3,"level":"info","message":"db-query","rows":1,"text":"\n    SELECT vt.*\n    FROM vehicle_types vt\n    \n    ORDER BY vt.id ASC\n    OFFSET $1 LIMIT $2;\n  ","timestamp":"2025-11-08T09:45:13.180Z"}
{"level":"info","message":"GET /api/vehicle-type/get 200 9.799 ms","timestamp":"2025-11-08T09:45:13.182Z"}
{"duration":88,"level":"info","message":"db-query","rows":1,"text":"SELECT COUNT(*) AS total FROM subsidiaries s ","timestamp":"2025-11-08T09:45:13.262Z"}
{"duration":2,"level":"info","message":"db-query","rows":1,"text":"\n    SELECT *\n    FROM subsidiaries s\n    \n    ORDER BY s.id ASC\n    LIMIT $1 OFFSET $2;\n  ","timestamp":"2025-11-08T09:45:13.264Z"}
{"level":"info","message":"GET /api/subsidiaries/get 200 90.019 ms","timestamp":"2025-11-08T09:45:13.265Z"}
{"duration":183,"level":"info","message":"db-query","rows":1,"text":"\n    SELECT COUNT(*) AS total\n    FROM company_vehicles cv\n    LEFT JOIN vehicle_types vt ON cv.vehicle_type_id = vt.id\n    ;\n  ","timestamp":"2025-11-08T09:45:13.356Z"}
{"duration":2,"level":"info","message":"db-query","rows":0,"text":"\n    SELECT cv.*, vt.id AS vehicle_type_id, vt.name AS vehicle_type_name\n    FROM company_vehicles cv\n    LEFT JOIN vehicle_types vt ON cv.vehicle_type_id = vt.id\n    \n    ORDER BY cv.id DESC\n    OFFSET $1 LIMIT $2;\n  ","timestamp":"2025-11-08T09:45:13.358Z"}
{"level":"info","message":"GET /api/company-vehicles/get 200 185.740 ms","timestamp":"2025-11-08T09:45:13.359Z"}
{"level":"info","message":"GET /api/driver-combine/get 304 197.164 ms","timestamp":"2025-11-08T09:45:13.360Z"}
{"duration":1,"level":"info","message":"db-query","rows":null,"text":"BEGIN","timestamp":"2025-11-08T09:45:13.746Z"}
{"duration":12,"level":"info","message":"db-query","rows":1,"text":"SELECT d.*, s.name AS subsidiary_name\n       FROM drivers d\n       LEFT JOIN subsidiaries s ON s.id = d.subsidiary_id\n       WHERE d.id = $1","timestamp":"2025-11-08T09:45:13.759Z"}
{"duration":6,"level":"info","message":"db-query","rows":2,"text":"SELECT id, note, created_at, created_by\n       FROM driver_notes\n       WHERE driver_id = $1\n       ORDER BY created_at DESC","timestamp":"2025-11-08T09:45:13.766Z"}
{"duration":5,"level":"info","message":"db-query","rows":1,"text":"SELECT id, name, start_time, end_time\n       FROM driver_shifts\n       WHERE driver_id = $1\n       ORDER BY id ASC","timestamp":"2025-11-08T09:45:13.772Z"}
{"duration":5,"level":"info","message":"db-query","rows":1,"text":"SELECT \n            v.*,\n            json_build_object(\n              'id', vt.id,\n              'name', vt.name,\n              'driver_waiting_charges', vt.driver_waiting_charges,\n              'account_waiting_charges', vt.account_waiting_charges,\n              'waiting_time', vt.waiting_time\n            ) AS vehicle_type\n         FROM vehicles v\n         LEFT JOIN vehicle_types vt ON vt.id = v.vehicle_type_id\n         WHERE v.id = $1\n         LIMIT 1","timestamp":"2025-11-08T09:45:13.778Z"}
{"duration":1,"level":"info","message":"db-query","rows":null,"text":"COMMIT","timestamp":"2025-11-08T09:45:13.780Z"}
{"level":"info","message":"GET /api/drivers/getbyid/143 304 37.230 ms","timestamp":"2025-11-08T09:45:13.782Z"}
{"duration":1,"level":"info","message":"db-query","rows":1,"text":"\n    SELECT COUNT(*) AS total\n    FROM drivers d\n    LEFT JOIN subsidiaries s ON s.id = d.subsidiary_id\n    LEFT JOIN vehicles v ON v.id = d.vehicle_id\n    LEFT JOIN vehicle_types vt_v ON vt_v.id = v.vehicle_type_id\n    LEFT JOIN company_vehicles cv ON cv.id = d.company_vehicle_id\n    LEFT JOIN vehicle_types vt_cv ON vt_cv.id = cv.vehicle_type_id\n    WHERE d.active = $1;\n  ","timestamp":"2025-11-08T09:45:22.971Z"}
{"duration":3,"level":"info","message":"db-query","rows":1,"text":"\n    SELECT \n      d.*,\n      s.name AS subsidiary_name,\n      CASE \n        WHEN d.use_company_vehicle = true THEN\n          json_build_object(\n            'vehicle_number', cv.vehicle_number,\n            'make', cv.make,\n            'model', cv.model,\n            'color', cv.color,\n            'end_date', cv.end_date,\n            'vehicle_type', json_build_object(\n              'id', vt_cv.id,\n              'name', vt_cv.name,\n              'passengers', vt_cv.passengers,\n              'luggages', vt_cv.luggages,\n              'driver_waiting_charges', vt_cv.driver_waiting_charges\n            )\n          )\n        ELSE\n          json_build_object(\n            'vehicle_number', v.vehicle_number,\n            'make', v.make,\n            'model', v.model,\n            'color', v.color,\n            'end_date', v.end_date,\n            'vehicle_type', json_build_object(\n              'id', vt_v.id,\n              'name', vt_v.name,\n              'passengers', vt_v.passengers,\n              'luggages', vt_v.luggages,\n              'driver_waiting_charges', vt_v.driver_waiting_charges\n            )\n          )\n      END AS vehicle\n    FROM drivers d\n    LEFT JOIN subsidiaries s ON s.id = d.subsidiary_id\n    LEFT JOIN vehicles v ON v.id = d.vehicle_id\n    LEFT JOIN vehicle_types vt_v ON vt_v.id = v.vehicle_type_id\n    LEFT JOIN company_vehicles cv ON cv.id = d.company_vehicle_id\n    LEFT JOIN vehicle_types vt_cv ON vt_cv.id = cv.vehicle_type_id\n    WHERE d.active = $1\n    ORDER BY d.id DESC\n    LIMIT $2 OFFSET $3;\n  ","timestamp":"2025-11-08T09:45:22.975Z"}
{"level":"info","message":"GET /api/drivers/get?&active=true&limit=15&name=&username=&vehicle_type=&driver_end_date=&vehicle_end_date=&mot_expiry=&mot2_expiry=&insurance_expiry=&licence_expiry=&mobile=&subsidiary= 304 5.772 ms","timestamp":"2025-11-08T09:45:22.976Z"}
{"duration":90,"level":"info","message":"db-query","rows":26,"text":"SELECT * FROM location_types","timestamp":"2025-11-08T09:49:42.140Z"}
{"level":"info","message":"GET /api/location-types 200 106.130 ms","timestamp":"2025-11-08T09:49:42.157Z"}
{"duration":124,"level":"info","message":"db-query","rows":1,"text":"\n    SELECT COUNT(*) AS total\n    FROM zones z\n    ;\n  ","timestamp":"2025-11-08T09:49:42.169Z"}
{"duration":2,"level":"info","message":"db-query","rows":10,"text":"\n    SELECT \n      z.id,\n      z.name,\n      z.secondary_name,\n      z.type,\n      z.category,\n      z.vertices,\n      z.base,\n      z.overlay,\n      z.created_at,\n      z.updated_at\n    FROM zones z\n    \n    ORDER BY z.id ASC\n    LIMIT $1 OFFSET $2;\n  ","timestamp":"2025-11-08T09:49:42.218Z"}
{"level":"info","message":"GET /api/zones/get 200 276.197 ms","timestamp":"2025-11-08T09:49:42.322Z"}
{"duration":290,"level":"info","message":"db-query","rows":1,"text":"\n    SELECT COUNT(*) AS total\n    FROM zones z\n    ;\n  ","timestamp":"2025-11-08T09:49:42.342Z"}
{"duration":2,"level":"info","message":"db-query","rows":10,"text":"\n    SELECT \n      z.id,\n      z.name,\n      z.secondary_name,\n      z.type,\n      z.category,\n      z.vertices,\n      z.base,\n      z.overlay,\n      z.created_at,\n      z.updated_at\n    FROM zones z\n    \n    ORDER BY z.id ASC\n    LIMIT $1 OFFSET $2;\n  ","timestamp":"2025-11-08T09:49:42.359Z"}
{"level":"info","message":"GET /api/zones/get 200 310.070 ms","timestamp":"2025-11-08T09:49:42.361Z"}
{"level":"info","message":"GET /api/locationtype/zone 200 321.150 ms","timestamp":"2025-11-08T09:49:42.368Z"}
{"duration":99,"level":"info","message":"db-query","rows":1,"text":"\n    SELECT COUNT(*) AS total\n    FROM zones z\n    ;\n  ","timestamp":"2025-11-08T09:50:15.396Z"}
{"duration":2,"level":"info","message":"db-query","rows":10,"text":"\n    SELECT \n      z.id,\n      z.name,\n      z.secondary_name,\n      z.type,\n      z.category,\n      z.vertices,\n      z.base,\n      z.overlay,\n      z.created_at,\n      z.updated_at\n    FROM zones z\n    \n    ORDER BY z.id ASC\n    LIMIT $1 OFFSET $2;\n  ","timestamp":"2025-11-08T09:50:15.398Z"}
{"level":"info","message":"GET /api/zones/get 304 101.747 ms","timestamp":"2025-11-08T09:50:15.399Z"}
{"duration":93,"level":"info","message":"db-query","rows":26,"text":"SELECT * FROM location_types","timestamp":"2025-11-08T09:50:15.401Z"}
{"level":"info","message":"GET /api/location-types 200 94.114 ms","timestamp":"2025-11-08T09:50:15.402Z"}
{"duration":105,"level":"info","message":"db-query","rows":1,"text":"\n    SELECT COUNT(*) AS total\n    FROM zones z\n    ;\n  ","timestamp":"2025-11-08T09:50:15.414Z"}
{"duration":2,"level":"info","message":"db-query","rows":10,"text":"\n    SELECT \n      z.id,\n      z.name,\n      z.secondary_name,\n      z.type,\n      z.category,\n      z.vertices,\n      z.base,\n      z.overlay,\n      z.created_at,\n      z.updated_at\n    FROM zones z\n    \n    ORDER BY z.id ASC\n    LIMIT $1 OFFSET $2;\n  ","timestamp":"2025-11-08T09:50:15.416Z"}
{"level":"info","message":"GET /api/zones/get 200 107.670 ms","timestamp":"2025-11-08T09:50:15.417Z"}
{"level":"info","message":"GET /api/locationtype/zone 304 119.444 ms","timestamp":"2025-11-08T09:50:15.419Z"}
{"duration":69,"level":"info","message":"db-query","rows":1,"text":"\n    SELECT COUNT(*) AS total\n    FROM vehicle_types vt\n    ;\n  ","timestamp":"2025-11-08T09:52:10.365Z"}
{"duration":1,"level":"info","message":"db-query","rows":1,"text":"\n    SELECT vt.*\n    FROM vehicle_types vt\n    \n    ORDER BY vt.id ASC\n    OFFSET $1 LIMIT $2;\n  ","timestamp":"2025-11-08T09:52:10.367Z"}
{"level":"info","message":"GET /api/vehicle-type/get 200 71.821 ms","timestamp":"2025-11-08T09:52:10.368Z"}
{"duration":80,"level":"info","message":"db-query","rows":1,"text":"SELECT COUNT(*) AS total FROM subsidiaries s ","timestamp":"2025-11-08T09:52:10.378Z"}
{"duration":83,"level":"info","message":"db-query","rows":1,"text":"\n    SELECT COUNT(*) AS total\n    FROM company_vehicles cv\n    LEFT JOIN vehicle_types vt ON cv.vehicle_type_id = vt.id\n    ;\n  ","timestamp":"2025-11-08T09:52:10.380Z"}
{"duration":2,"level":"info","message":"db-query","rows":1,"text":"\n    SELECT *\n    FROM subsidiaries s\n    \n    ORDER BY s.id ASC\n    LIMIT $1 OFFSET $2;\n  ","timestamp":"2025-11-08T09:52:10.381Z"}
{"level":"info","message":"GET /api/subsidiaries/get 200 83.825 ms","timestamp":"2025-11-08T09:52:10.382Z"}
{"duration":2,"level":"info","message":"db-query","rows":0,"text":"\n    SELECT cv.*, vt.id AS vehicle_type_id, vt.name AS vehicle_type_name\n    FROM company_vehicles cv\n    LEFT JOIN vehicle_types vt ON cv.vehicle_type_id = vt.id\n    \n    ORDER BY cv.id DESC\n    OFFSET $1 LIMIT $2;\n  ","timestamp":"2025-11-08T09:52:10.382Z"}
{"level":"info","message":"GET /api/company-vehicles/get 200 86.340 ms","timestamp":"2025-11-08T09:52:10.384Z"}
{"level":"info","message":"GET /api/driver-combine/get 200 94.783 ms","timestamp":"2025-11-08T09:52:10.386Z"}
{"duration":16,"level":"info","message":"db-query","rows":1,"text":"\n    SELECT COUNT(*) AS total\n    FROM drivers d\n    LEFT JOIN subsidiaries s ON s.id = d.subsidiary_id\n    LEFT JOIN vehicles v ON v.id = d.vehicle_id\n    LEFT JOIN vehicle_types vt_v ON vt_v.id = v.vehicle_type_id\n    LEFT JOIN company_vehicles cv ON cv.id = d.company_vehicle_id\n    LEFT JOIN vehicle_types vt_cv ON vt_cv.id = cv.vehicle_type_id\n    WHERE d.active = $1;\n  ","timestamp":"2025-11-08T09:52:18.445Z"}
{"duration":10,"level":"info","message":"db-query","rows":1,"text":"\n    SELECT \n      d.*,\n      s.name AS subsidiary_name,\n      CASE \n        WHEN d.use_company_vehicle = true THEN\n          json_build_object(\n            'vehicle_number', cv.vehicle_number,\n            'make', cv.make,\n            'model', cv.model,\n            'color', cv.color,\n            'end_date', cv.end_date,\n            'vehicle_type', json_build_object(\n              'id', vt_cv.id,\n              'name', vt_cv.name,\n              'passengers', vt_cv.passengers,\n              'luggages', vt_cv.luggages,\n              'driver_waiting_charges', vt_cv.driver_waiting_charges\n            )\n          )\n        ELSE\n          json_build_object(\n            'vehicle_number', v.vehicle_number,\n            'make', v.make,\n            'model', v.model,\n            'color', v.color,\n            'end_date', v.end_date,\n            'vehicle_type', json_build_object(\n              'id', vt_v.id,\n              'name', vt_v.name,\n              'passengers', vt_v.passengers,\n              'luggages', vt_v.luggages,\n              'driver_waiting_charges', vt_v.driver_waiting_charges\n            )\n          )\n      END AS vehicle\n    FROM drivers d\n    LEFT JOIN subsidiaries s ON s.id = d.subsidiary_id\n    LEFT JOIN vehicles v ON v.id = d.vehicle_id\n    LEFT JOIN vehicle_types vt_v ON vt_v.id = v.vehicle_type_id\n    LEFT JOIN company_vehicles cv ON cv.id = d.company_vehicle_id\n    LEFT JOIN vehicle_types vt_cv ON vt_cv.id = cv.vehicle_type_id\n    WHERE d.active = $1\n    ORDER BY d.id DESC\n    LIMIT $2 OFFSET $3;\n  ","timestamp":"2025-11-08T09:52:18.456Z"}
{"level":"info","message":"GET /api/drivers/get?&active=true&limit=15&name=&username=&vehicle_type=&driver_end_date=&vehicle_end_date=&mot_expiry=&mot2_expiry=&insurance_expiry=&licence_expiry=&mobile=&subsidiary= 200 29.442 ms","timestamp":"2025-11-08T09:52:18.459Z"}
{"duration":1,"level":"info","message":"db-query","rows":1,"text":"\n    SELECT COUNT(*) AS total\n    FROM vehicle_types vt\n    ;\n  ","timestamp":"2025-11-08T09:52:23.475Z"}
{"duration":2,"level":"info","message":"db-query","rows":1,"text":"\n    SELECT vt.*\n    FROM vehicle_types vt\n    \n    ORDER BY vt.id ASC\n    OFFSET $1 LIMIT $2;\n  ","timestamp":"2025-11-08T09:52:23.477Z"}
{"level":"info","message":"GET /api/vehicle-type/get 200 3.728 ms","timestamp":"2025-11-08T09:52:23.478Z"}
{"duration":66,"level":"info","message":"db-query","rows":1,"text":"SELECT COUNT(*) AS total FROM subsidiaries s ","timestamp":"2025-11-08T09:52:23.541Z"}
{"duration":1,"level":"info","message":"db-query","rows":1,"text":"\n    SELECT *\n    FROM subsidiaries s\n    \n    ORDER BY s.id ASC\n    LIMIT $1 OFFSET $2;\n  ","timestamp":"2025-11-08T09:52:23.543Z"}
{"level":"info","message":"GET /api/subsidiaries/get 200 69.708 ms","timestamp":"2025-11-08T09:52:23.545Z"}
{"duration":77,"level":"info","message":"db-query","rows":1,"text":"\n    SELECT COUNT(*) AS total\n    FROM company_vehicles cv\n    LEFT JOIN vehicle_types vt ON cv.vehicle_type_id = vt.id\n    ;\n  ","timestamp":"2025-11-08T09:52:23.551Z"}
{"duration":1,"level":"info","message":"db-query","rows":0,"text":"\n    SELECT cv.*, vt.id AS vehicle_type_id, vt.name AS vehicle_type_name\n    FROM company_vehicles cv\n    LEFT JOIN vehicle_types vt ON cv.vehicle_type_id = vt.id\n    \n    ORDER BY cv.id DESC\n    OFFSET $1 LIMIT $2;\n  ","timestamp":"2025-11-08T09:52:23.552Z"}
{"level":"info","message":"GET /api/company-vehicles/get 200 79.019 ms","timestamp":"2025-11-08T09:52:23.553Z"}
{"level":"info","message":"GET /api/driver-combine/get 304 84.102 ms","timestamp":"2025-11-08T09:52:23.554Z"}
{"duration":0,"level":"info","message":"db-query","rows":null,"text":"BEGIN","timestamp":"2025-11-08T09:52:23.802Z"}
{"duration":4,"level":"info","message":"db-query","rows":1,"text":"SELECT d.*, s.name AS subsidiary_name\n       FROM drivers d\n       LEFT JOIN subsidiaries s ON s.id = d.subsidiary_id\n       WHERE d.id = $1","timestamp":"2025-11-08T09:52:23.807Z"}
{"duration":3,"level":"info","message":"db-query","rows":2,"text":"SELECT id, note, created_at, created_by\n       FROM driver_notes\n       WHERE driver_id = $1\n       ORDER BY created_at DESC","timestamp":"2025-11-08T09:52:23.810Z"}
{"duration":2,"level":"info","message":"db-query","rows":1,"text":"SELECT id, name, start_time, end_time\n       FROM driver_shifts\n       WHERE driver_id = $1\n       ORDER BY id ASC","timestamp":"2025-11-08T09:52:23.812Z"}
{"duration":2,"level":"info","message":"db-query","rows":1,"text":"SELECT \n            v.*,\n            json_build_object(\n              'id', vt.id,\n              'name', vt.name,\n              'driver_waiting_charges', vt.driver_waiting_charges,\n              'account_waiting_charges', vt.account_waiting_charges,\n              'waiting_time', vt.waiting_time\n            ) AS vehicle_type\n         FROM vehicles v\n         LEFT JOIN vehicle_types vt ON vt.id = v.vehicle_type_id\n         WHERE v.id = $1\n         LIMIT 1","timestamp":"2025-11-08T09:52:23.815Z"}
{"duration":0,"level":"info","message":"db-query","rows":null,"text":"COMMIT","timestamp":"2025-11-08T09:52:23.816Z"}
{"level":"info","message":"GET /api/drivers/getbyid/143 200 15.265 ms","timestamp":"2025-11-08T09:52:23.817Z"}
{"duration":215,"level":"info","message":"db-query","rows":1,"text":"\n    SELECT COUNT(*) AS total\n    FROM zones z\n    ;\n  ","timestamp":"2025-11-08T09:53:41.063Z"}
{"duration":2,"level":"info","message":"db-query","rows":10,"text":"\n    SELECT \n      z.id,\n      z.name,\n      z.secondary_name,\n      z.type,\n      z.category,\n      z.vertices,\n      z.base,\n      z.overlay,\n      z.created_at,\n      z.updated_at\n    FROM zones z\n    \n    ORDER BY z.id ASC\n    LIMIT $1 OFFSET $2;\n  ","timestamp":"2025-11-08T09:53:41.066Z"}
{"level":"info","message":"GET /api/zones/get 304 220.445 ms","timestamp":"2025-11-08T09:53:41.068Z"}
{"duration":160,"level":"info","message":"db-query","rows":null,"text":"BEGIN","timestamp":"2025-11-08T10:05:36.122Z"}
{"duration":6,"level":"info","message":"db-query","rows":1,"text":"\n      INSERT INTO drivers (\n        subsidiary_id, username, password, name, email, mobile, telephone, address, dob,\n        driver_type, driver_commission, rent_limit, rent_paid, balance, has_pda,\n        use_company_vehicle, active, start_date, end_date,\n        licence_number, licence_expiry, phc_driver_number, phc_driver_expiry,\n        insurance_number, insurance_expiry, rental_agreement_number, rental_agreement_expiry,\n        road_tax_number, road_tax_expiry, v5_registration_number, v5_registration_expiry,\n        mot_number, mot_expiry, mot2_number, mot2_expiry, phc_vehicle_number, phc_vehicle_expiry,\n        ni, image, company_vehicle_id, vehicle_id,\n        licence_expiry_time, phc_driver_expiry_time, insurance_expiry_time, phc_vehicle_expiry_time,\n        mot_expiry_time, mot2_expiry_time, v5_registration_expiry_time, road_tax_expiry_time,\n        rental_agreement_expiry_time\n      )\n      VALUES (\n        $1,$2,$3,$4,$5,$6,$7,$8,$9,\n        $10,$11,$12,$13,$14,$15,\n        $16,$17,$18,$19,\n        $20,$21,$22,$23,\n        $24,$25,$26,$27,\n        $28,$29,$30,$31,\n        $32,$33,$34,$35,$36,$37,\n        $38,$39,$40,$41,\n        $42,$43,$44,$45,$46,$47,\n        $48,$49,$50\n      )\n      RETURNING id\n    ","timestamp":"2025-11-08T10:05:36.197Z"}
{"duration":4,"level":"info","message":"db-query","rows":1,"text":"\n        INSERT INTO vehicles (\n          driver_id, vehicle_type_id, vehicle_number, make, model, color, owner,\n          start_date, end_date, log_book_number, mot_number, mot_expiry,\n          mot2_number, mot2_expiry, insurance_number, insurance_expiry,\n          phc_vehicle_number, phc_vehicle_expiry,\n          log_book_document, phc_vehicle_document, mot_document, mot2_document, insurance_document,\n          company, assigned,\n          mot_expiry_time, mot2_expiry_time, insurance_expiry_time, phc_vehicle_expiry_time,\n          road_tax_number, road_tax_expiry, road_tax_expiry_time,\n          rental_agreement_number, rental_agreement_expiry, rental_agreement_expiry_time,\n          v5_registration_number, v5_registration_expiry, v5_registration_expiry_time,\n          road_tax_document, phc_driver_document, v5_registration_document,\n          rental_agreement_document, licence_document,\n          licence_number, licence_expiry, licence_expiry_time,\n          phc_driver_number, phc_driver_expiry, phc_driver_expiry_time\n        )\n        VALUES (\n          $1,$2,$3,$4,$5,$6,$7,\n          $8,$9,$10,$11,$12,\n          $13,$14,$15,$16,\n          $17,$18,\n          $19,$20,$21,$22,$23,\n          false,false,\n          $24,$25,$26,$27,\n          $28,$29,$30,\n          $31,$32,$33,\n          $34,$35,$36,\n          $37,$38,$39,$40,$41,\n          $42,$43,$44,\n          $45,$46,$47\n        )\n        RETURNING id\n      ","timestamp":"2025-11-08T10:05:36.202Z"}
{"duration":5,"level":"info","message":"db-query","rows":1,"text":"UPDATE drivers SET vehicle_id = $1 WHERE id = $2","timestamp":"2025-11-08T10:05:36.208Z"}
{"duration":2,"level":"info","message":"db-query","rows":null,"text":"COMMIT","timestamp":"2025-11-08T10:05:36.210Z"}
{"duration":0,"level":"info","message":"db-query","rows":null,"text":"BEGIN","timestamp":"2025-11-08T10:05:36.211Z"}
{"duration":1,"level":"info","message":"db-query","rows":1,"text":"SELECT d.*, s.name AS subsidiary_name\n       FROM drivers d\n       LEFT JOIN subsidiaries s ON s.id = d.subsidiary_id\n       WHERE d.id = $1","timestamp":"2025-11-08T10:05:36.213Z"}
{"duration":2,"level":"info","message":"db-query","rows":0,"text":"SELECT id, note, created_at, created_by\n       FROM driver_notes\n       WHERE driver_id = $1\n       ORDER BY created_at DESC","timestamp":"2025-11-08T10:05:36.217Z"}
{"duration":2,"level":"info","message":"db-query","rows":0,"text":"SELECT id, name, start_time, end_time\n       FROM driver_shifts\n       WHERE driver_id = $1\n       ORDER BY id ASC","timestamp":"2025-11-08T10:05:36.219Z"}
{"duration":1,"level":"info","message":"db-query","rows":1,"text":"SELECT \n            v.*,\n            json_build_object(\n              'id', vt.id,\n              'name', vt.name,\n              'driver_waiting_charges', vt.driver_waiting_charges,\n              'account_waiting_charges', vt.account_waiting_charges,\n              'waiting_time', vt.waiting_time\n            ) AS vehicle_type\n         FROM vehicles v\n         LEFT JOIN vehicle_types vt ON vt.id = v.vehicle_type_id\n         WHERE v.id = $1\n         LIMIT 1","timestamp":"2025-11-08T10:05:36.220Z"}
{"duration":0,"level":"info","message":"db-query","rows":null,"text":"COMMIT","timestamp":"2025-11-08T10:05:36.221Z"}
{"level":"info","message":"POST /api/drivers/add 200 305.846 ms","timestamp":"2025-11-08T10:05:36.222Z"}
{"duration":6,"level":"info","message":"db-query","rows":1,"text":"\n    SELECT COUNT(*) AS total\n    FROM drivers d\n    LEFT JOIN subsidiaries s ON s.id = d.subsidiary_id\n    LEFT JOIN vehicles v ON v.id = d.vehicle_id\n    LEFT JOIN vehicle_types vt_v ON vt_v.id = v.vehicle_type_id\n    LEFT JOIN company_vehicles cv ON cv.id = d.company_vehicle_id\n    LEFT JOIN vehicle_types vt_cv ON vt_cv.id = cv.vehicle_type_id\n    WHERE d.active = $1;\n  ","timestamp":"2025-11-08T10:05:44.099Z"}
{"duration":5,"level":"info","message":"db-query","rows":2,"text":"\n    SELECT \n      d.*,\n      s.name AS subsidiary_name,\n      CASE \n        WHEN d.use_company_vehicle = true THEN\n          json_build_object(\n            'vehicle_number', cv.vehicle_number,\n            'make', cv.make,\n            'model', cv.model,\n            'color', cv.color,\n            'end_date', cv.end_date,\n            'vehicle_type', json_build_object(\n              'id', vt_cv.id,\n              'name', vt_cv.name,\n              'passengers', vt_cv.passengers,\n              'luggages', vt_cv.luggages,\n              'driver_waiting_charges', vt_cv.driver_waiting_charges\n            )\n          )\n        ELSE\n          json_build_object(\n            'vehicle_number', v.vehicle_number,\n            'make', v.make,\n            'model', v.model,\n            'color', v.color,\n            'end_date', v.end_date,\n            'vehicle_type', json_build_object(\n              'id', vt_v.id,\n              'name', vt_v.name,\n              'passengers', vt_v.passengers,\n              'luggages', vt_v.luggages,\n              'driver_waiting_charges', vt_v.driver_waiting_charges\n            )\n          )\n      END AS vehicle\n    FROM drivers d\n    LEFT JOIN subsidiaries s ON s.id = d.subsidiary_id\n    LEFT JOIN vehicles v ON v.id = d.vehicle_id\n    LEFT JOIN vehicle_types vt_v ON vt_v.id = v.vehicle_type_id\n    LEFT JOIN company_vehicles cv ON cv.id = d.company_vehicle_id\n    LEFT JOIN vehicle_types vt_cv ON vt_cv.id = cv.vehicle_type_id\n    WHERE d.active = $1\n    ORDER BY d.id DESC\n    LIMIT $2 OFFSET $3;\n  ","timestamp":"2025-11-08T10:05:44.105Z"}
{"level":"info","message":"GET /api/drivers/get?&active=true&limit=15&name=&username=&vehicle_type=&driver_end_date=&vehicle_end_date=&mot_expiry=&mot2_expiry=&insurance_expiry=&licence_expiry=&mobile=&subsidiary= 200 14.029 ms","timestamp":"2025-11-08T10:05:44.108Z"}
{"duration":4,"level":"info","message":"db-query","rows":1,"text":"\n    SELECT COUNT(*) AS total\n    FROM vehicle_types vt\n    ;\n  ","timestamp":"2025-11-08T10:05:50.396Z"}
{"duration":3,"level":"info","message":"db-query","rows":1,"text":"\n    SELECT vt.*\n    FROM vehicle_types vt\n    \n    ORDER BY vt.id ASC\n    OFFSET $1 LIMIT $2;\n  ","timestamp":"2025-11-08T10:05:50.400Z"}
{"level":"info","message":"GET /api/vehicle-type/get 200 9.855 ms","timestamp":"2025-11-08T10:05:50.403Z"}
{"duration":87,"level":"info","message":"db-query","rows":1,"text":"\n    SELECT COUNT(*) AS total\n    FROM company_vehicles cv\n    LEFT JOIN vehicle_types vt ON cv.vehicle_type_id = vt.id\n    ;\n  ","timestamp":"2025-11-08T10:05:50.481Z"}
{"duration":1,"level":"info","message":"db-query","rows":0,"text":"\n    SELECT cv.*, vt.id AS vehicle_type_id, vt.name AS vehicle_type_name\n    FROM company_vehicles cv\n    LEFT JOIN vehicle_types vt ON cv.vehicle_type_id = vt.id\n    \n    ORDER BY cv.id DESC\n    OFFSET $1 LIMIT $2;\n  ","timestamp":"2025-11-08T10:05:50.483Z"}
{"level":"info","message":"GET /api/company-vehicles/get 200 89.861 ms","timestamp":"2025-11-08T10:05:50.484Z"}
{"duration":96,"level":"info","message":"db-query","rows":1,"text":"SELECT COUNT(*) AS total FROM subsidiaries s ","timestamp":"2025-11-08T10:05:50.492Z"}
{"duration":2,"level":"info","message":"db-query","rows":1,"text":"\n    SELECT *\n    FROM subsidiaries s\n    \n    ORDER BY s.id ASC\n    LIMIT $1 OFFSET $2;\n  ","timestamp":"2025-11-08T10:05:50.494Z"}
{"level":"info","message":"GET /api/subsidiaries/get 200 100.018 ms","timestamp":"2025-11-08T10:05:50.496Z"}
{"level":"info","message":"GET /api/driver-combine/get 304 115.824 ms","timestamp":"2025-11-08T10:05:50.497Z"}
{"duration":1,"level":"info","message":"db-query","rows":null,"text":"BEGIN","timestamp":"2025-11-08T10:05:50.719Z"}
{"duration":7,"level":"info","message":"db-query","rows":1,"text":"SELECT d.*, s.name AS subsidiary_name\n       FROM drivers d\n       LEFT JOIN subsidiaries s ON s.id = d.subsidiary_id\n       WHERE d.id = $1","timestamp":"2025-11-08T10:05:50.727Z"}
{"duration":6,"level":"info","message":"db-query","rows":0,"text":"SELECT id, note, created_at, created_by\n       FROM driver_notes\n       WHERE driver_id = $1\n       ORDER BY created_at DESC","timestamp":"2025-11-08T10:05:50.734Z"}
{"duration":5,"level":"info","message":"db-query","rows":0,"text":"SELECT id, name, start_time, end_time\n       FROM driver_shifts\n       WHERE driver_id = $1\n       ORDER BY id ASC","timestamp":"2025-11-08T10:05:50.740Z"}
{"duration":11,"level":"info","message":"db-query","rows":1,"text":"SELECT \n            v.*,\n            json_build_object(\n              'id', vt.id,\n              'name', vt.name,\n              'driver_waiting_charges', vt.driver_waiting_charges,\n              'account_waiting_charges', vt.account_waiting_charges,\n              'waiting_time', vt.waiting_time\n            ) AS vehicle_type\n         FROM vehicles v\n         LEFT JOIN vehicle_types vt ON vt.id = v.vehicle_type_id\n         WHERE v.id = $1\n         LIMIT 1","timestamp":"2025-11-08T10:05:50.751Z"}
{"duration":1,"level":"info","message":"db-query","rows":null,"text":"COMMIT","timestamp":"2025-11-08T10:05:50.752Z"}
{"level":"info","message":"GET /api/drivers/getbyid/149 200 35.120 ms","timestamp":"2025-11-08T10:05:50.753Z"}
{"duration":79,"level":"info","message":"db-query","rows":1,"text":"\n    SELECT COUNT(*) AS total\n    FROM zones z\n    ;\n  ","timestamp":"2025-11-08T10:06:38.688Z"}
{"duration":1,"level":"info","message":"db-query","rows":10,"text":"\n    SELECT \n      z.id,\n      z.name,\n      z.secondary_name,\n      z.type,\n      z.category,\n      z.vertices,\n      z.base,\n      z.overlay,\n      z.created_at,\n      z.updated_at\n    FROM zones z\n    \n    ORDER BY z.id ASC\n    LIMIT $1 OFFSET $2;\n  ","timestamp":"2025-11-08T10:06:38.690Z"}
{"level":"info","message":"GET /api/zones/get 304 82.748 ms","timestamp":"2025-11-08T10:06:38.691Z"}
{"duration":113,"level":"info","message":"db-query","rows":1,"text":"\n    SELECT COUNT(*) AS total\n    FROM vehicle_types vt\n    ;\n  ","timestamp":"2025-11-08T10:08:42.913Z"}
{"duration":1,"level":"info","message":"db-query","rows":1,"text":"\n    SELECT vt.*\n    FROM vehicle_types vt\n    \n    ORDER BY vt.id ASC\n    OFFSET $1 LIMIT $2;\n  ","timestamp":"2025-11-08T10:08:42.924Z"}
{"level":"info","message":"GET /api/vehicle-type/get 200 125.739 ms","timestamp":"2025-11-08T10:08:42.925Z"}
{"duration":145,"level":"info","message":"db-query","rows":1,"text":"\n    SELECT COUNT(DISTINCT a.id) AS total\n    FROM accounts a\n    LEFT JOIN subsidiaries s ON a.subsidiary_id = s.id\n    ;\n  ","timestamp":"2025-11-08T10:08:42.946Z"}
{"duration":5,"level":"info","message":"db-query","rows":21,"text":"\n    SELECT\n      a.*,\n      json_agg(DISTINCT jsonb_build_object('id', d.id, 'name', d.name)) AS departments,\n      jsonb_build_object(\n        'id', s.id,\n        'name', s.name,\n        'telephone_number', s.telephone_number,\n        'email', s.email\n      ) AS subsidiary\n    FROM accounts a\n    LEFT JOIN departments d ON a.id = d.account_id\n    LEFT JOIN subsidiaries s ON a.subsidiary_id = s.id\n    \n    GROUP BY a.id, s.id\n    ORDER BY a.id ASC\n    OFFSET $1 LIMIT $2;\n  ","timestamp":"2025-11-08T10:08:42.952Z"}
{"level":"info","message":"GET /api/accounts/get 200 152.591 ms","timestamp":"2025-11-08T10:08:42.954Z"}
{"level":"info","message":"GET /api/combined/vehicle-type-accounts 200 165.850 ms","timestamp":"2025-11-08T10:08:42.955Z"}
{"duration":4,"level":"info","message":"db-query","rows":9,"text":"\n    SELECT \n      f.*, \n      vt.name AS vehicle_type_name, \n      vt.minimum_fares AS vehicle_minimum_fare,\n      a.name AS account_name\n    FROM fare_configurations f\n    LEFT JOIN vehicle_types vt ON vt.id = f.vehicle_type_id\n    LEFT JOIN accounts a ON a.id = f.account_id\n   WHERE f.title IS NULL OR TRIM(f.title) = '' ORDER BY f.id DESC","timestamp":"2025-11-08T10:08:43.089Z"}
{"level":"info","message":"GET /api/faresconfiguration/get?title=NORMAL 200 4.055 ms","timestamp":"2025-11-08T10:08:43.090Z"}
{"duration":70,"level":"info","message":"db-query","rows":26,"text":"SELECT * FROM location_types","timestamp":"2025-11-08T10:17:54.087Z"}
{"level":"info","message":"GET /api/location-types 200 71.138 ms","timestamp":"2025-11-08T10:17:54.088Z"}
{"duration":54,"level":"info","message":"db-query","rows":3,"text":"\n    SELECT \n      f.*, \n      vt.name AS vehicle_type_name, \n      vt.minimum_fares AS vehicle_minimum_fare,\n      a.name AS account_name\n    FROM fare_configurations f\n    LEFT JOIN vehicle_types vt ON vt.id = f.vehicle_type_id\n    LEFT JOIN accounts a ON a.id = f.account_id\n   WHERE f.title IS NOT NULL AND TRIM(f.title) <> '' ORDER BY f.id DESC","timestamp":"2025-11-08T10:18:20.101Z"}
{"level":"info","message":"GET /api/faresconfiguration/get?title=SPECIAL 200 54.961 ms","timestamp":"2025-11-08T10:18:20.102Z"}
{"duration":173,"level":"info","message":"db-query","rows":9,"text":"\n    SELECT \n      f.*, \n      vt.name AS vehicle_type_name, \n      vt.minimum_fares AS vehicle_minimum_fare,\n      a.name AS account_name\n    FROM fare_configurations f\n    LEFT JOIN vehicle_types vt ON vt.id = f.vehicle_type_id\n    LEFT JOIN accounts a ON a.id = f.account_id\n   WHERE f.title IS NULL OR TRIM(f.title) = '' ORDER BY f.id DESC","timestamp":"2025-11-08T10:18:31.339Z"}
{"level":"info","message":"GET /api/faresconfiguration/get?title=NORMAL 304 174.284 ms","timestamp":"2025-11-08T10:18:31.340Z"}
{"duration":54,"level":"info","message":"db-query","rows":3,"text":"\n    SELECT \n      f.*, \n      vt.name AS vehicle_type_name, \n      vt.minimum_fares AS vehicle_minimum_fare,\n      a.name AS account_name\n    FROM fare_configurations f\n    LEFT JOIN vehicle_types vt ON vt.id = f.vehicle_type_id\n    LEFT JOIN accounts a ON a.id = f.account_id\n   WHERE f.title IS NOT NULL AND TRIM(f.title) <> '' ORDER BY f.id DESC","timestamp":"2025-11-08T10:19:00.099Z"}
{"level":"info","message":"GET /api/faresconfiguration/get?title=SPECIAL 304 55.480 ms","timestamp":"2025-11-08T10:19:00.100Z"}
{"duration":2,"level":"info","message":"db-query","rows":9,"text":"\n    SELECT \n      f.*, \n      vt.name AS vehicle_type_name, \n      vt.minimum_fares AS vehicle_minimum_fare,\n      a.name AS account_name\n    FROM fare_configurations f\n    LEFT JOIN vehicle_types vt ON vt.id = f.vehicle_type_id\n    LEFT JOIN accounts a ON a.id = f.account_id\n   WHERE f.title IS NULL OR TRIM(f.title) = '' ORDER BY f.id DESC","timestamp":"2025-11-08T10:19:02.502Z"}
{"level":"info","message":"GET /api/faresconfiguration/get?title=NORMAL 304 3.249 ms","timestamp":"2025-11-08T10:19:02.503Z"}
{"duration":62,"level":"info","message":"db-query","rows":9,"text":"\n    SELECT \n      f.*, \n      vt.name AS vehicle_type_name, \n      vt.minimum_fares AS vehicle_minimum_fare,\n      a.name AS account_name\n    FROM fare_configurations f\n    LEFT JOIN vehicle_types vt ON vt.id = f.vehicle_type_id\n    LEFT JOIN accounts a ON a.id = f.account_id\n   WHERE f.title IS NULL OR TRIM(f.title) = '' ORDER BY f.id DESC","timestamp":"2025-11-08T10:20:46.766Z"}
{"level":"info","message":"GET /api/faresconfiguration/get?title=NORMAL 304 63.492 ms","timestamp":"2025-11-08T10:20:46.767Z"}
{"duration":81,"level":"info","message":"db-query","rows":1,"text":"\n    SELECT COUNT(*) AS total\n    FROM customers c\n    WHERE c.blacklist = $1;\n  ","timestamp":"2025-11-08T10:24:05.516Z"}
{"duration":87,"level":"info","message":"db-query","rows":3,"text":"\n    SELECT \n      c.*,\n      COALESCE(\n        JSON_AGG(\n          JSON_BUILD_OBJECT(\n            'id', d.driver_id,\n            'username', d.driver_username,\n            'name', d.driver_name\n          )\n        ) FILTER (WHERE d.driver_id IS NOT NULL),\n        '[]'\n      ) AS restricted_drivers\n    FROM customers c\n    LEFT JOIN customer_restricted_drivers d ON c.id = d.customer_id\n    WHERE c.blacklist = $1\n    GROUP BY c.id\n    ORDER BY c.id DESC\n    LIMIT $2 OFFSET $3;\n  ","timestamp":"2025-11-08T10:24:05.522Z"}
{"level":"info","message":"GET /api/customers/get?&blacklist=false&limit=20&name=&mobile=&telephone=&email=&address1= 200 89.024 ms","timestamp":"2025-11-08T10:24:05.523Z"}
{"duration":61,"level":"info","message":"db-query","rows":26,"text":"SELECT * FROM location_types","timestamp":"2025-11-08T11:17:54.083Z"}
{"level":"info","message":"GET /api/location-types 200 65.549 ms","timestamp":"2025-11-08T11:17:54.088Z"}
